{ 'action': 'train',
  'backprop_pcm': False,
  'config_folder': 'train2',
  'config_num': 109,
  'correlation_loss': False,
  'dataset': 'drum',
  'decoder': 'fc',
  'device': device(type='cuda'),
  'loss_normalization': 'scalar_norm',
  'mask_activation': 'sigmoid',
  'model_lr': 0.0001,
  'n_decoder_layers': 4,
  'n_heads': 2,
  'n_hidden_units': 100,
  'n_latents': 100,
  'n_test_epochs': 5000,
  'n_train_epochs': 5000,
  'test_batch_size': 3,
  'test_latents_Adam_lr': 0.001,
  'test_latents_init': 'normal',
  'train_batch_size': 64,
  'train_latents_Adam_lr': 0.0001,
  'train_latents_init': 'normal'}
making FC Decoder
Epoch 1 - Average loss: 1.000000, Cumulative loss: 31.000000, Average Unnormed loss: 37722.333732, Best Loss: 37722.333732, Best Loss at Epoch 1(1.15 s)
Epoch 2 - Average loss: 1.000000, Cumulative loss: 31.000000, Average Unnormed loss: 37733.337324, Best Loss: 37722.333732, Best Loss at Epoch 1(1.65 s)
Epoch 3 - Average loss: 1.000000, Cumulative loss: 31.000000, Average Unnormed loss: 37883.898311, Best Loss: 37722.333732, Best Loss at Epoch 1(2.07 s)
Epoch 4 - Average loss: 1.000000, Cumulative loss: 31.000000, Average Unnormed loss: 37764.708228, Best Loss: 37722.333732, Best Loss at Epoch 1(2.49 s)
Epoch 5 - Average loss: 1.000000, Cumulative loss: 31.000000, Average Unnormed loss: 37855.101373, Best Loss: 37722.333732, Best Loss at Epoch 1(2.91 s)
Epoch 6 - Average loss: 1.000000, Cumulative loss: 31.000000, Average Unnormed loss: 37610.889869, Best Loss: 37610.889869, Best Loss at Epoch 6(3.32 s)
Epoch 7 - Average loss: 1.000000, Cumulative loss: 31.000000, Average Unnormed loss: 37596.301852, Best Loss: 37596.301852, Best Loss at Epoch 7(3.75 s)
Epoch 8 - Average loss: 1.000000, Cumulative loss: 31.000000, Average Unnormed loss: 37813.605973, Best Loss: 37596.301852, Best Loss at Epoch 7(4.17 s)
Epoch 9 - Average loss: 1.000000, Cumulative loss: 31.000000, Average Unnormed loss: 37587.319115, Best Loss: 37587.319115, Best Loss at Epoch 9(4.59 s)
Epoch 10 - Average loss: 1.000000, Cumulative loss: 31.000000, Average Unnormed loss: 37603.807271, Best Loss: 37587.319115, Best Loss at Epoch 9(5.01 s)
Epoch 11 - Average loss: 1.000000, Cumulative loss: 31.000000, Average Unnormed loss: 37611.702558, Best Loss: 37587.319115, Best Loss at Epoch 9(5.42 s)
Epoch 12 - Average loss: 1.000000, Cumulative loss: 31.000000, Average Unnormed loss: 37527.957724, Best Loss: 37527.957724, Best Loss at Epoch 12(5.84 s)
Epoch 13 - Average loss: 1.000000, Cumulative loss: 31.000000, Average Unnormed loss: 37618.874118, Best Loss: 37527.957724, Best Loss at Epoch 12(6.26 s)
Epoch 14 - Average loss: 1.000000, Cumulative loss: 31.000000, Average Unnormed loss: 37594.800970, Best Loss: 37527.957724, Best Loss at Epoch 12(6.67 s)
Epoch 15 - Average loss: 1.000000, Cumulative loss: 31.000000, Average Unnormed loss: 37465.974294, Best Loss: 37465.974294, Best Loss at Epoch 15(7.10 s)
Epoch 16 - Average loss: 1.000000, Cumulative loss: 31.000000, Average Unnormed loss: 37466.355217, Best Loss: 37465.974294, Best Loss at Epoch 15(7.52 s)
Epoch 17 - Average loss: 1.000000, Cumulative loss: 31.000000, Average Unnormed loss: 37506.347278, Best Loss: 37465.974294, Best Loss at Epoch 15(7.94 s)
Epoch 18 - Average loss: 1.000000, Cumulative loss: 31.000000, Average Unnormed loss: 37567.644468, Best Loss: 37465.974294, Best Loss at Epoch 15(8.36 s)
Epoch 19 - Average loss: 1.000000, Cumulative loss: 31.000000, Average Unnormed loss: 37583.151399, Best Loss: 37465.974294, Best Loss at Epoch 15(8.78 s)
Epoch 20 - Average loss: 1.000000, Cumulative loss: 31.000000, Average Unnormed loss: 37541.332283, Best Loss: 37465.974294, Best Loss at Epoch 15(9.20 s)
Epoch 21 - Average loss: 1.000000, Cumulative loss: 31.000000, Average Unnormed loss: 37473.955519, Best Loss: 37465.974294, Best Loss at Epoch 15(9.62 s)
Epoch 22 - Average loss: 1.000000, Cumulative loss: 31.000000, Average Unnormed loss: 37404.560988, Best Loss: 37404.560988, Best Loss at Epoch 22(10.04 s)
Epoch 23 - Average loss: 1.000000, Cumulative loss: 31.000000, Average Unnormed loss: 37466.886404, Best Loss: 37404.560988, Best Loss at Epoch 22(10.47 s)
Epoch 24 - Average loss: 1.000000, Cumulative loss: 31.000000, Average Unnormed loss: 37513.261215, Best Loss: 37404.560988, Best Loss at Epoch 22(10.89 s)
Epoch 25 - Average loss: 1.000000, Cumulative loss: 31.000000, Average Unnormed loss: 37533.601752, Best Loss: 37404.560988, Best Loss at Epoch 22(11.30 s)
Epoch 26 - Average loss: 1.000000, Cumulative loss: 31.000000, Average Unnormed loss: 37566.928742, Best Loss: 37404.560988, Best Loss at Epoch 22(11.72 s)
Epoch 27 - Average loss: 1.000000, Cumulative loss: 31.000000, Average Unnormed loss: 37464.221207, Best Loss: 37404.560988, Best Loss at Epoch 22(12.13 s)
Epoch 28 - Average loss: 1.000000, Cumulative loss: 31.000000, Average Unnormed loss: 37485.959992, Best Loss: 37404.560988, Best Loss at Epoch 22(12.56 s)
Epoch 29 - Average loss: 1.000000, Cumulative loss: 31.000000, Average Unnormed loss: 37452.395539, Best Loss: 37404.560988, Best Loss at Epoch 22(12.98 s)
Epoch 30 - Average loss: 1.000000, Cumulative loss: 31.000000, Average Unnormed loss: 37385.473223, Best Loss: 37385.473223, Best Loss at Epoch 30(13.40 s)
Epoch 31 - Average loss: 1.000000, Cumulative loss: 31.000000, Average Unnormed loss: 37590.295804, Best Loss: 37385.473223, Best Loss at Epoch 30(13.82 s)
Epoch 32 - Average loss: 1.000000, Cumulative loss: 31.000000, Average Unnormed loss: 37247.790323, Best Loss: 37247.790323, Best Loss at Epoch 32(14.24 s)
Epoch 33 - Average loss: 1.000000, Cumulative loss: 31.000000, Average Unnormed loss: 37228.706464, Best Loss: 37228.706464, Best Loss at Epoch 33(14.66 s)
Epoch 34 - Average loss: 1.000000, Cumulative loss: 31.000000, Average Unnormed loss: 37351.578755, Best Loss: 37228.706464, Best Loss at Epoch 33(15.08 s)
Epoch 35 - Average loss: 1.000000, Cumulative loss: 31.000000, Average Unnormed loss: 37482.236958, Best Loss: 37228.706464, Best Loss at Epoch 33(15.50 s)
Epoch 36 - Average loss: 1.000000, Cumulative loss: 31.000000, Average Unnormed loss: 37324.039882, Best Loss: 37228.706464, Best Loss at Epoch 33(15.91 s)
Epoch 37 - Average loss: 1.000000, Cumulative loss: 31.000000, Average Unnormed loss: 37426.561933, Best Loss: 37228.706464, Best Loss at Epoch 33(16.32 s)
Epoch 38 - Average loss: 1.000000, Cumulative loss: 31.000000, Average Unnormed loss: 37288.613407, Best Loss: 37228.706464, Best Loss at Epoch 33(16.74 s)
Epoch 39 - Average loss: 1.000000, Cumulative loss: 31.000000, Average Unnormed loss: 37407.263861, Best Loss: 37228.706464, Best Loss at Epoch 33(17.16 s)
Epoch 40 - Average loss: 1.000000, Cumulative loss: 31.000000, Average Unnormed loss: 37271.753528, Best Loss: 37228.706464, Best Loss at Epoch 33(17.57 s)
Epoch 41 - Average loss: 1.000000, Cumulative loss: 31.000000, Average Unnormed loss: 37280.935547, Best Loss: 37228.706464, Best Loss at Epoch 33(17.99 s)
Epoch 42 - Average loss: 1.000000, Cumulative loss: 31.000000, Average Unnormed loss: 37373.990423, Best Loss: 37228.706464, Best Loss at Epoch 33(18.40 s)
Epoch 43 - Average loss: 1.000000, Cumulative loss: 31.000000, Average Unnormed loss: 37146.260900, Best Loss: 37146.260900, Best Loss at Epoch 43(18.82 s)
Epoch 44 - Average loss: 1.000000, Cumulative loss: 31.000000, Average Unnormed loss: 37226.299395, Best Loss: 37146.260900, Best Loss at Epoch 43(19.24 s)
Epoch 45 - Average loss: 1.000000, Cumulative loss: 31.000000, Average Unnormed loss: 37158.493196, Best Loss: 37146.260900, Best Loss at Epoch 43(19.65 s)
Epoch 46 - Average loss: 1.000000, Cumulative loss: 31.000000, Average Unnormed loss: 37241.589088, Best Loss: 37146.260900, Best Loss at Epoch 43(20.09 s)
Epoch 47 - Average loss: 1.000000, Cumulative loss: 31.000000, Average Unnormed loss: 37272.425844, Best Loss: 37146.260900, Best Loss at Epoch 43(20.51 s)
Epoch 48 - Average loss: 1.000000, Cumulative loss: 31.000000, Average Unnormed loss: 37219.840033, Best Loss: 37146.260900, Best Loss at Epoch 43(20.92 s)
Epoch 49 - Average loss: 1.000000, Cumulative loss: 31.000000, Average Unnormed loss: 37264.973601, Best Loss: 37146.260900, Best Loss at Epoch 43(21.34 s)
Epoch 50 - Average loss: 1.000000, Cumulative loss: 31.000000, Average Unnormed loss: 37207.969695, Best Loss: 37146.260900, Best Loss at Epoch 43(21.76 s)
Epoch 51 - Average loss: 1.000000, Cumulative loss: 31.000000, Average Unnormed loss: 37130.536353, Best Loss: 37130.536353, Best Loss at Epoch 51(22.16 s)
Epoch 52 - Average loss: 1.000000, Cumulative loss: 31.000000, Average Unnormed loss: 37109.027281, Best Loss: 37109.027281, Best Loss at Epoch 52(22.58 s)
Epoch 53 - Average loss: 1.000000, Cumulative loss: 31.000000, Average Unnormed loss: 37139.698400, Best Loss: 37109.027281, Best Loss at Epoch 52(22.99 s)
Epoch 54 - Average loss: 1.000000, Cumulative loss: 31.000000, Average Unnormed loss: 37145.999874, Best Loss: 37109.027281, Best Loss at Epoch 52(23.40 s)
Epoch 55 - Average loss: 1.000000, Cumulative loss: 31.000000, Average Unnormed loss: 37069.725806, Best Loss: 37069.725806, Best Loss at Epoch 55(23.81 s)
Epoch 56 - Average loss: 1.000000, Cumulative loss: 31.000000, Average Unnormed loss: 37278.431263, Best Loss: 37069.725806, Best Loss at Epoch 55(24.23 s)
Epoch 57 - Average loss: 1.000000, Cumulative loss: 31.000000, Average Unnormed loss: 37211.765247, Best Loss: 37069.725806, Best Loss at Epoch 55(24.63 s)
Epoch 58 - Average loss: 1.000000, Cumulative loss: 31.000000, Average Unnormed loss: 37088.343057, Best Loss: 37069.725806, Best Loss at Epoch 55(25.04 s)
Epoch 59 - Average loss: 1.000000, Cumulative loss: 31.000000, Average Unnormed loss: 37027.172001, Best Loss: 37027.172001, Best Loss at Epoch 59(25.45 s)
Epoch 60 - Average loss: 1.000000, Cumulative loss: 31.000000, Average Unnormed loss: 37040.934728, Best Loss: 37027.172001, Best Loss at Epoch 59(25.86 s)
Epoch 61 - Average loss: 1.000000, Cumulative loss: 31.000000, Average Unnormed loss: 36912.800529, Best Loss: 36912.800529, Best Loss at Epoch 61(26.27 s)
Epoch 62 - Average loss: 1.000000, Cumulative loss: 31.000000, Average Unnormed loss: 37054.817918, Best Loss: 36912.800529, Best Loss at Epoch 61(26.69 s)
Epoch 63 - Average loss: 1.000000, Cumulative loss: 31.000000, Average Unnormed loss: 37158.985194, Best Loss: 36912.800529, Best Loss at Epoch 61(27.10 s)
Epoch 64 - Average loss: 1.000000, Cumulative loss: 31.000000, Average Unnormed loss: 37080.861706, Best Loss: 36912.800529, Best Loss at Epoch 61(27.60 s)
Epoch 65 - Average loss: 1.000000, Cumulative loss: 31.000000, Average Unnormed loss: 37192.839277, Best Loss: 36912.800529, Best Loss at Epoch 61(28.11 s)
Epoch 66 - Average loss: 1.000000, Cumulative loss: 31.000000, Average Unnormed loss: 37078.317414, Best Loss: 36912.800529, Best Loss at Epoch 61(28.52 s)
Epoch 67 - Average loss: 1.000000, Cumulative loss: 31.000000, Average Unnormed loss: 37003.636845, Best Loss: 36912.800529, Best Loss at Epoch 61(29.03 s)
Epoch 68 - Average loss: 1.000000, Cumulative loss: 31.000000, Average Unnormed loss: 37132.306830, Best Loss: 36912.800529, Best Loss at Epoch 61(29.47 s)
Epoch 69 - Average loss: 1.000000, Cumulative loss: 31.000000, Average Unnormed loss: 37182.927797, Best Loss: 36912.800529, Best Loss at Epoch 61(29.90 s)
Epoch 70 - Average loss: 1.000000, Cumulative loss: 31.000000, Average Unnormed loss: 36965.200794, Best Loss: 36912.800529, Best Loss at Epoch 61(30.33 s)
Epoch 71 - Average loss: 1.000000, Cumulative loss: 31.000000, Average Unnormed loss: 37044.859501, Best Loss: 36912.800529, Best Loss at Epoch 61(30.75 s)
Epoch 72 - Average loss: 1.000000, Cumulative loss: 31.000000, Average Unnormed loss: 36936.204952, Best Loss: 36912.800529, Best Loss at Epoch 61(31.18 s)
Epoch 73 - Average loss: 1.000000, Cumulative loss: 31.000000, Average Unnormed loss: 36798.525643, Best Loss: 36798.525643, Best Loss at Epoch 73(31.61 s)
Epoch 74 - Average loss: 1.000000, Cumulative loss: 31.000000, Average Unnormed loss: 37013.847215, Best Loss: 36798.525643, Best Loss at Epoch 73(32.05 s)
Epoch 75 - Average loss: 1.000000, Cumulative loss: 31.000000, Average Unnormed loss: 36911.270287, Best Loss: 36798.525643, Best Loss at Epoch 73(32.46 s)
Epoch 76 - Average loss: 1.000000, Cumulative loss: 31.000000, Average Unnormed loss: 36877.407699, Best Loss: 36798.525643, Best Loss at Epoch 73(32.87 s)
Epoch 77 - Average loss: 1.000000, Cumulative loss: 31.000000, Average Unnormed loss: 36921.113155, Best Loss: 36798.525643, Best Loss at Epoch 73(33.29 s)
Epoch 78 - Average loss: 1.000000, Cumulative loss: 31.000000, Average Unnormed loss: 36813.650895, Best Loss: 36798.525643, Best Loss at Epoch 73(33.71 s)
Epoch 79 - Average loss: 1.000000, Cumulative loss: 31.000000, Average Unnormed loss: 36843.998929, Best Loss: 36798.525643, Best Loss at Epoch 73(34.12 s)
Epoch 80 - Average loss: 1.000000, Cumulative loss: 31.000000, Average Unnormed loss: 36938.468687, Best Loss: 36798.525643, Best Loss at Epoch 73(34.54 s)
Epoch 81 - Average loss: 1.000000, Cumulative loss: 31.000000, Average Unnormed loss: 36758.329322, Best Loss: 36758.329322, Best Loss at Epoch 81(34.96 s)
Epoch 82 - Average loss: 1.000000, Cumulative loss: 31.000000, Average Unnormed loss: 36895.571195, Best Loss: 36758.329322, Best Loss at Epoch 81(35.39 s)
Epoch 83 - Average loss: 1.000000, Cumulative loss: 31.000000, Average Unnormed loss: 36890.338647, Best Loss: 36758.329322, Best Loss at Epoch 81(35.81 s)
Epoch 84 - Average loss: 1.000000, Cumulative loss: 31.000000, Average Unnormed loss: 36725.594758, Best Loss: 36725.594758, Best Loss at Epoch 84(36.22 s)
Epoch 85 - Average loss: 1.000000, Cumulative loss: 31.000000, Average Unnormed loss: 36763.761971, Best Loss: 36725.594758, Best Loss at Epoch 84(36.65 s)
Epoch 86 - Average loss: 1.000000, Cumulative loss: 31.000000, Average Unnormed loss: 36651.331023, Best Loss: 36651.331023, Best Loss at Epoch 86(37.06 s)
Epoch 87 - Average loss: 1.000000, Cumulative loss: 31.000000, Average Unnormed loss: 36766.992503, Best Loss: 36651.331023, Best Loss at Epoch 86(37.48 s)
Epoch 88 - Average loss: 1.000000, Cumulative loss: 31.000000, Average Unnormed loss: 36791.830519, Best Loss: 36651.331023, Best Loss at Epoch 86(37.90 s)
Epoch 89 - Average loss: 1.000000, Cumulative loss: 31.000000, Average Unnormed loss: 36692.133317, Best Loss: 36651.331023, Best Loss at Epoch 86(38.32 s)
Epoch 90 - Average loss: 1.000000, Cumulative loss: 31.000000, Average Unnormed loss: 36760.748992, Best Loss: 36651.331023, Best Loss at Epoch 86(38.73 s)
Epoch 91 - Average loss: 1.000000, Cumulative loss: 31.000000, Average Unnormed loss: 36746.826928, Best Loss: 36651.331023, Best Loss at Epoch 86(39.14 s)
Epoch 92 - Average loss: 1.000000, Cumulative loss: 31.000000, Average Unnormed loss: 36611.101373, Best Loss: 36611.101373, Best Loss at Epoch 92(39.55 s)
Epoch 93 - Average loss: 1.000000, Cumulative loss: 31.000000, Average Unnormed loss: 36683.722782, Best Loss: 36611.101373, Best Loss at Epoch 92(39.97 s)
Epoch 94 - Average loss: 1.000000, Cumulative loss: 31.000000, Average Unnormed loss: 36757.154045, Best Loss: 36611.101373, Best Loss at Epoch 92(40.39 s)
Epoch 95 - Average loss: 1.000000, Cumulative loss: 31.000000, Average Unnormed loss: 36521.791016, Best Loss: 36521.791016, Best Loss at Epoch 95(40.80 s)
Epoch 96 - Average loss: 1.000000, Cumulative loss: 31.000000, Average Unnormed loss: 36770.082850, Best Loss: 36521.791016, Best Loss at Epoch 95(41.32 s)
Epoch 97 - Average loss: 1.000000, Cumulative loss: 31.000000, Average Unnormed loss: 36784.273501, Best Loss: 36521.791016, Best Loss at Epoch 95(41.73 s)
Epoch 98 - Average loss: 1.000000, Cumulative loss: 31.000000, Average Unnormed loss: 36643.238722, Best Loss: 36521.791016, Best Loss at Epoch 95(42.15 s)
Epoch 99 - Average loss: 1.000000, Cumulative loss: 31.000000, Average Unnormed loss: 36647.028919, Best Loss: 36521.791016, Best Loss at Epoch 95(42.57 s)
Epoch 100 - Average loss: 1.000000, Cumulative loss: 31.000000, Average Unnormed loss: 36578.127394, Best Loss: 36521.791016, Best Loss at Epoch 95(42.98 s)
Epoch 101 - Average loss: 1.000000, Cumulative loss: 31.000000, Average Unnormed loss: 36752.800529, Best Loss: 36521.791016, Best Loss at Epoch 95(43.39 s)
Epoch 102 - Average loss: 1.000000, Cumulative loss: 31.000000, Average Unnormed loss: 36641.305255, Best Loss: 36521.791016, Best Loss at Epoch 95(43.81 s)
Epoch 103 - Average loss: 1.000000, Cumulative loss: 31.000000, Average Unnormed loss: 36440.232044, Best Loss: 36440.232044, Best Loss at Epoch 103(44.22 s)
Epoch 104 - Average loss: 1.000000, Cumulative loss: 31.000000, Average Unnormed loss: 36676.201109, Best Loss: 36440.232044, Best Loss at Epoch 103(44.64 s)
Epoch 105 - Average loss: 1.000000, Cumulative loss: 31.000000, Average Unnormed loss: 36708.149698, Best Loss: 36440.232044, Best Loss at Epoch 103(45.05 s)
Epoch 106 - Average loss: 1.000000, Cumulative loss: 31.000000, Average Unnormed loss: 36644.653226, Best Loss: 36440.232044, Best Loss at Epoch 103(45.46 s)
Epoch 107 - Average loss: 1.000000, Cumulative loss: 31.000000, Average Unnormed loss: 36552.611265, Best Loss: 36440.232044, Best Loss at Epoch 103(45.87 s)
Epoch 108 - Average loss: 1.000000, Cumulative loss: 31.000000, Average Unnormed loss: 36511.748488, Best Loss: 36440.232044, Best Loss at Epoch 103(46.28 s)
Epoch 109 - Average loss: 1.000000, Cumulative loss: 31.000000, Average Unnormed loss: 36491.082283, Best Loss: 36440.232044, Best Loss at Epoch 103(46.70 s)
Epoch 110 - Average loss: 1.000000, Cumulative loss: 31.000000, Average Unnormed loss: 36518.878402, Best Loss: 36440.232044, Best Loss at Epoch 103(47.12 s)
Epoch 111 - Average loss: 1.000000, Cumulative loss: 31.000000, Average Unnormed loss: 36552.391822, Best Loss: 36440.232044, Best Loss at Epoch 103(47.52 s)
Epoch 112 - Average loss: 1.000000, Cumulative loss: 31.000000, Average Unnormed loss: 36553.724924, Best Loss: 36440.232044, Best Loss at Epoch 103(47.94 s)
Epoch 113 - Average loss: 1.000000, Cumulative loss: 31.000000, Average Unnormed loss: 36313.456653, Best Loss: 36313.456653, Best Loss at Epoch 113(48.35 s)
Epoch 114 - Average loss: 1.000000, Cumulative loss: 31.000000, Average Unnormed loss: 36590.966230, Best Loss: 36313.456653, Best Loss at Epoch 113(48.77 s)
Epoch 115 - Average loss: 1.000000, Cumulative loss: 31.000000, Average Unnormed loss: 36581.178490, Best Loss: 36313.456653, Best Loss at Epoch 113(49.19 s)
Epoch 116 - Average loss: 1.000000, Cumulative loss: 31.000000, Average Unnormed loss: 36432.914819, Best Loss: 36313.456653, Best Loss at Epoch 113(49.60 s)
Epoch 117 - Average loss: 1.000000, Cumulative loss: 31.000000, Average Unnormed loss: 36469.849105, Best Loss: 36313.456653, Best Loss at Epoch 113(50.01 s)
Epoch 118 - Average loss: 1.000000, Cumulative loss: 31.000000, Average Unnormed loss: 36287.753213, Best Loss: 36287.753213, Best Loss at Epoch 118(50.42 s)
Epoch 119 - Average loss: 1.000000, Cumulative loss: 31.000000, Average Unnormed loss: 36343.469191, Best Loss: 36287.753213, Best Loss at Epoch 118(50.84 s)
Epoch 120 - Average loss: 1.000000, Cumulative loss: 31.000000, Average Unnormed loss: 36323.238029, Best Loss: 36287.753213, Best Loss at Epoch 118(51.25 s)
Epoch 121 - Average loss: 1.000000, Cumulative loss: 31.000000, Average Unnormed loss: 36134.164882, Best Loss: 36134.164882, Best Loss at Epoch 121(51.66 s)
Epoch 122 - Average loss: 1.000000, Cumulative loss: 31.000000, Average Unnormed loss: 36155.886404, Best Loss: 36134.164882, Best Loss at Epoch 121(52.07 s)
Epoch 123 - Average loss: 1.000000, Cumulative loss: 31.000000, Average Unnormed loss: 36379.542717, Best Loss: 36134.164882, Best Loss at Epoch 121(52.48 s)
Epoch 124 - Average loss: 1.000000, Cumulative loss: 31.000000, Average Unnormed loss: 36214.338710, Best Loss: 36134.164882, Best Loss at Epoch 121(52.90 s)
Epoch 125 - Average loss: 1.000000, Cumulative loss: 31.000000, Average Unnormed loss: 36265.233304, Best Loss: 36134.164882, Best Loss at Epoch 121(53.38 s)
Epoch 126 - Average loss: 1.000000, Cumulative loss: 31.000000, Average Unnormed loss: 36366.086379, Best Loss: 36134.164882, Best Loss at Epoch 121(53.80 s)
Epoch 127 - Average loss: 1.000000, Cumulative loss: 31.000000, Average Unnormed loss: 36251.250315, Best Loss: 36134.164882, Best Loss at Epoch 121(54.21 s)
Epoch 128 - Average loss: 1.000000, Cumulative loss: 31.000000, Average Unnormed loss: 36209.862462, Best Loss: 36134.164882, Best Loss at Epoch 121(54.63 s)
Epoch 129 - Average loss: 1.000000, Cumulative loss: 31.000000, Average Unnormed loss: 36116.669796, Best Loss: 36116.669796, Best Loss at Epoch 129(55.04 s)
Epoch 130 - Average loss: 1.000000, Cumulative loss: 31.000000, Average Unnormed loss: 36209.436240, Best Loss: 36116.669796, Best Loss at Epoch 129(55.46 s)
Epoch 131 - Average loss: 1.000000, Cumulative loss: 31.000000, Average Unnormed loss: 36187.090411, Best Loss: 36116.669796, Best Loss at Epoch 129(55.88 s)
Epoch 132 - Average loss: 1.000000, Cumulative loss: 31.000000, Average Unnormed loss: 36307.044670, Best Loss: 36116.669796, Best Loss at Epoch 129(56.30 s)
Epoch 133 - Average loss: 1.000000, Cumulative loss: 31.000000, Average Unnormed loss: 36170.343435, Best Loss: 36116.669796, Best Loss at Epoch 129(56.71 s)
Epoch 134 - Average loss: 1.000000, Cumulative loss: 31.000000, Average Unnormed loss: 36211.014302, Best Loss: 36116.669796, Best Loss at Epoch 129(57.13 s)
Epoch 135 - Average loss: 1.000000, Cumulative loss: 31.000000, Average Unnormed loss: 36147.033266, Best Loss: 36116.669796, Best Loss at Epoch 129(57.54 s)
Epoch 136 - Average loss: 1.000000, Cumulative loss: 31.000000, Average Unnormed loss: 36109.188760, Best Loss: 36109.188760, Best Loss at Epoch 136(57.97 s)
Epoch 137 - Average loss: 1.000000, Cumulative loss: 31.000000, Average Unnormed loss: 36143.760144, Best Loss: 36109.188760, Best Loss at Epoch 136(58.39 s)
Epoch 138 - Average loss: 1.000000, Cumulative loss: 31.000000, Average Unnormed loss: 36140.536227, Best Loss: 36109.188760, Best Loss at Epoch 136(58.80 s)
Epoch 139 - Average loss: 1.000000, Cumulative loss: 31.000000, Average Unnormed loss: 36074.487462, Best Loss: 36074.487462, Best Loss at Epoch 139(59.21 s)
Epoch 140 - Average loss: 1.000000, Cumulative loss: 31.000000, Average Unnormed loss: 36065.454133, Best Loss: 36065.454133, Best Loss at Epoch 140(59.63 s)
Epoch 141 - Average loss: 1.000000, Cumulative loss: 31.000000, Average Unnormed loss: 36093.041646, Best Loss: 36065.454133, Best Loss at Epoch 140(60.06 s)
Epoch 142 - Average loss: 1.000000, Cumulative loss: 31.000000, Average Unnormed loss: 36023.621724, Best Loss: 36023.621724, Best Loss at Epoch 142(60.47 s)
Epoch 143 - Average loss: 1.000000, Cumulative loss: 31.000000, Average Unnormed loss: 36006.618133, Best Loss: 36006.618133, Best Loss at Epoch 143(60.89 s)
Epoch 144 - Average loss: 1.000000, Cumulative loss: 31.000000, Average Unnormed loss: 35938.208165, Best Loss: 35938.208165, Best Loss at Epoch 144(61.30 s)
Epoch 145 - Average loss: 1.000000, Cumulative loss: 31.000000, Average Unnormed loss: 35896.632308, Best Loss: 35896.632308, Best Loss at Epoch 145(61.73 s)
Epoch 146 - Average loss: 1.000000, Cumulative loss: 31.000000, Average Unnormed loss: 35941.188256, Best Loss: 35896.632308, Best Loss at Epoch 145(62.15 s)
Epoch 147 - Average loss: 1.000000, Cumulative loss: 31.000000, Average Unnormed loss: 35982.004536, Best Loss: 35896.632308, Best Loss at Epoch 145(62.57 s)
Epoch 148 - Average loss: 1.000000, Cumulative loss: 31.000000, Average Unnormed loss: 35784.850617, Best Loss: 35784.850617, Best Loss at Epoch 148(62.98 s)
Epoch 149 - Average loss: 1.000000, Cumulative loss: 31.000000, Average Unnormed loss: 35976.584362, Best Loss: 35784.850617, Best Loss at Epoch 148(63.40 s)
Epoch 150 - Average loss: 1.000000, Cumulative loss: 31.000000, Average Unnormed loss: 35969.099231, Best Loss: 35784.850617, Best Loss at Epoch 148(63.83 s)
Epoch 151 - Average loss: 1.000000, Cumulative loss: 31.000000, Average Unnormed loss: 35987.161542, Best Loss: 35784.850617, Best Loss at Epoch 148(64.24 s)
Epoch 152 - Average loss: 1.000000, Cumulative loss: 31.000000, Average Unnormed loss: 35909.426789, Best Loss: 35784.850617, Best Loss at Epoch 148(64.66 s)
Epoch 153 - Average loss: 1.000000, Cumulative loss: 31.000000, Average Unnormed loss: 35766.871346, Best Loss: 35766.871346, Best Loss at Epoch 153(65.13 s)
Epoch 154 - Average loss: 1.000000, Cumulative loss: 31.000000, Average Unnormed loss: 35918.662991, Best Loss: 35766.871346, Best Loss at Epoch 153(65.55 s)
Epoch 155 - Average loss: 1.000000, Cumulative loss: 31.000000, Average Unnormed loss: 35859.970451, Best Loss: 35766.871346, Best Loss at Epoch 153(65.97 s)
