{ 'action': 'train',
  'backprop_pcm': False,
  'config_folder': 'train2',
  'config_num': 601,
  'correlation_loss': False,
  'dataset': 'drum',
  'decoder': 'fc',
  'device': device(type='cuda'),
  'loss_normalization': 'scalar_norm',
  'mask_activation': 'sigmoid',
  'model_lr': 0.001,
  'n_decoder_layers': 6,
  'n_heads': 2,
  'n_hidden_units': 200,
  'n_latents': 100,
  'n_test_epochs': 5000,
  'n_train_epochs': 5000,
  'test_batch_size': 3,
  'test_latents_Adam_lr': 0.0001,
  'test_latents_init': 'normal',
  'train_batch_size': 32,
  'train_latents_Adam_lr': 0.0001,
  'train_latents_init': 'normal'}
making FC Decoder
Epoch 1 - Average loss: 1.000000, Cumulative loss: 62.000000, Average Unnormed loss: 37850.527375, Best Loss: 37850.527375, Best Loss at Epoch 1(1.41 s)
Epoch 2 - Average loss: 1.000000, Cumulative loss: 62.000000, Average Unnormed loss: 37537.988659, Best Loss: 37537.988659, Best Loss at Epoch 2(2.29 s)
Epoch 3 - Average loss: 1.000000, Cumulative loss: 62.000000, Average Unnormed loss: 37545.805223, Best Loss: 37537.988659, Best Loss at Epoch 2(3.15 s)
Epoch 4 - Average loss: 1.000000, Cumulative loss: 62.000000, Average Unnormed loss: 36927.748960, Best Loss: 36927.748960, Best Loss at Epoch 4(4.00 s)
Epoch 5 - Average loss: 1.000000, Cumulative loss: 62.000000, Average Unnormed loss: 36558.663243, Best Loss: 36558.663243, Best Loss at Epoch 5(4.87 s)
Epoch 6 - Average loss: 1.000000, Cumulative loss: 62.000000, Average Unnormed loss: 35955.591513, Best Loss: 35955.591513, Best Loss at Epoch 6(5.74 s)
Epoch 7 - Average loss: 1.000000, Cumulative loss: 62.000000, Average Unnormed loss: 35349.306137, Best Loss: 35349.306137, Best Loss at Epoch 7(6.61 s)
Epoch 8 - Average loss: 1.000000, Cumulative loss: 62.000000, Average Unnormed loss: 34792.340316, Best Loss: 34792.340316, Best Loss at Epoch 8(7.48 s)
Epoch 9 - Average loss: 1.000000, Cumulative loss: 62.000000, Average Unnormed loss: 34454.498078, Best Loss: 34454.498078, Best Loss at Epoch 9(8.36 s)
Epoch 10 - Average loss: 1.000000, Cumulative loss: 62.000000, Average Unnormed loss: 33834.106130, Best Loss: 33834.106130, Best Loss at Epoch 10(9.23 s)
Epoch 11 - Average loss: 1.000000, Cumulative loss: 62.000000, Average Unnormed loss: 33316.565461, Best Loss: 33316.565461, Best Loss at Epoch 11(10.10 s)
Epoch 12 - Average loss: 1.000000, Cumulative loss: 62.000000, Average Unnormed loss: 32950.906124, Best Loss: 32950.906124, Best Loss at Epoch 12(10.97 s)
Epoch 13 - Average loss: 1.000000, Cumulative loss: 62.000000, Average Unnormed loss: 32324.697297, Best Loss: 32324.697297, Best Loss at Epoch 13(11.84 s)
Epoch 14 - Average loss: 1.000000, Cumulative loss: 62.000000, Average Unnormed loss: 31861.381332, Best Loss: 31861.381332, Best Loss at Epoch 14(12.71 s)
Epoch 15 - Average loss: 1.000000, Cumulative loss: 62.000000, Average Unnormed loss: 31371.119204, Best Loss: 31371.119204, Best Loss at Epoch 15(13.58 s)
Epoch 16 - Average loss: 1.000000, Cumulative loss: 62.000000, Average Unnormed loss: 30832.922127, Best Loss: 30832.922127, Best Loss at Epoch 16(14.45 s)
Epoch 17 - Average loss: 1.000000, Cumulative loss: 62.000000, Average Unnormed loss: 30389.616589, Best Loss: 30389.616589, Best Loss at Epoch 17(15.32 s)
Epoch 18 - Average loss: 1.000000, Cumulative loss: 62.000000, Average Unnormed loss: 29786.798749, Best Loss: 29786.798749, Best Loss at Epoch 18(16.19 s)
Epoch 19 - Average loss: 1.000000, Cumulative loss: 62.000000, Average Unnormed loss: 29314.867156, Best Loss: 29314.867156, Best Loss at Epoch 19(17.06 s)
Epoch 20 - Average loss: 1.000000, Cumulative loss: 62.000000, Average Unnormed loss: 28741.400391, Best Loss: 28741.400391, Best Loss at Epoch 20(17.93 s)
Epoch 21 - Average loss: 1.000000, Cumulative loss: 62.000000, Average Unnormed loss: 28298.654675, Best Loss: 28298.654675, Best Loss at Epoch 21(18.80 s)
Epoch 22 - Average loss: 1.000000, Cumulative loss: 62.000000, Average Unnormed loss: 27651.155714, Best Loss: 27651.155714, Best Loss at Epoch 22(19.67 s)
Epoch 23 - Average loss: 1.000000, Cumulative loss: 62.000000, Average Unnormed loss: 27285.018381, Best Loss: 27285.018381, Best Loss at Epoch 23(20.54 s)
Epoch 24 - Average loss: 1.000000, Cumulative loss: 62.000000, Average Unnormed loss: 26849.264144, Best Loss: 26849.264144, Best Loss at Epoch 24(21.40 s)
Epoch 25 - Average loss: 1.000000, Cumulative loss: 62.000000, Average Unnormed loss: 26352.788306, Best Loss: 26352.788306, Best Loss at Epoch 25(22.28 s)
Epoch 26 - Average loss: 1.000000, Cumulative loss: 62.000000, Average Unnormed loss: 25818.848712, Best Loss: 25818.848712, Best Loss at Epoch 26(23.14 s)
Epoch 27 - Average loss: 1.000000, Cumulative loss: 62.000000, Average Unnormed loss: 25445.680223, Best Loss: 25445.680223, Best Loss at Epoch 27(24.01 s)
Epoch 28 - Average loss: 1.000000, Cumulative loss: 62.000000, Average Unnormed loss: 24995.137160, Best Loss: 24995.137160, Best Loss at Epoch 28(24.88 s)
Epoch 29 - Average loss: 1.000000, Cumulative loss: 62.000000, Average Unnormed loss: 24450.835575, Best Loss: 24450.835575, Best Loss at Epoch 29(25.75 s)
Epoch 30 - Average loss: 1.000000, Cumulative loss: 62.000000, Average Unnormed loss: 24159.936098, Best Loss: 24159.936098, Best Loss at Epoch 30(26.62 s)
Epoch 31 - Average loss: 1.000000, Cumulative loss: 62.000000, Average Unnormed loss: 23716.710890, Best Loss: 23716.710890, Best Loss at Epoch 31(27.49 s)
Epoch 32 - Average loss: 1.000000, Cumulative loss: 62.000000, Average Unnormed loss: 23311.210827, Best Loss: 23311.210827, Best Loss at Epoch 32(28.37 s)
Epoch 33 - Average loss: 1.000000, Cumulative loss: 62.000000, Average Unnormed loss: 22881.038480, Best Loss: 22881.038480, Best Loss at Epoch 33(29.23 s)
Epoch 34 - Average loss: 1.000000, Cumulative loss: 62.000000, Average Unnormed loss: 22608.882954, Best Loss: 22608.882954, Best Loss at Epoch 34(30.10 s)
Epoch 35 - Average loss: 1.000000, Cumulative loss: 62.000000, Average Unnormed loss: 22188.998393, Best Loss: 22188.998393, Best Loss at Epoch 35(30.97 s)
Epoch 36 - Average loss: 1.000000, Cumulative loss: 62.000000, Average Unnormed loss: 21778.126512, Best Loss: 21778.126512, Best Loss at Epoch 36(31.84 s)
Epoch 37 - Average loss: 1.000000, Cumulative loss: 62.000000, Average Unnormed loss: 21451.957378, Best Loss: 21451.957378, Best Loss at Epoch 37(32.70 s)
Epoch 38 - Average loss: 1.000000, Cumulative loss: 62.000000, Average Unnormed loss: 21008.579669, Best Loss: 21008.579669, Best Loss at Epoch 38(33.57 s)
Epoch 39 - Average loss: 1.000000, Cumulative loss: 62.000000, Average Unnormed loss: 20722.649839, Best Loss: 20722.649839, Best Loss at Epoch 39(34.44 s)
Epoch 40 - Average loss: 1.000000, Cumulative loss: 62.000000, Average Unnormed loss: 20324.229634, Best Loss: 20324.229634, Best Loss at Epoch 40(35.32 s)
Epoch 41 - Average loss: 1.000000, Cumulative loss: 62.000000, Average Unnormed loss: 19929.310846, Best Loss: 19929.310846, Best Loss at Epoch 41(36.19 s)
Epoch 42 - Average loss: 1.000000, Cumulative loss: 62.000000, Average Unnormed loss: 19523.083984, Best Loss: 19523.083984, Best Loss at Epoch 42(37.06 s)
Epoch 43 - Average loss: 1.000000, Cumulative loss: 62.000000, Average Unnormed loss: 19195.616778, Best Loss: 19195.616778, Best Loss at Epoch 43(37.94 s)
Epoch 44 - Average loss: 1.000000, Cumulative loss: 62.000000, Average Unnormed loss: 18754.389885, Best Loss: 18754.389885, Best Loss at Epoch 44(38.87 s)
Epoch 45 - Average loss: 1.000000, Cumulative loss: 62.000000, Average Unnormed loss: 18439.848601, Best Loss: 18439.848601, Best Loss at Epoch 45(39.80 s)
Epoch 46 - Average loss: 1.000000, Cumulative loss: 62.000000, Average Unnormed loss: 18205.214009, Best Loss: 18205.214009, Best Loss at Epoch 46(40.75 s)
Epoch 47 - Average loss: 1.000000, Cumulative loss: 62.000000, Average Unnormed loss: 17879.184429, Best Loss: 17879.184429, Best Loss at Epoch 47(41.74 s)
Epoch 48 - Average loss: 1.000000, Cumulative loss: 62.000000, Average Unnormed loss: 17609.324534, Best Loss: 17609.324534, Best Loss at Epoch 48(42.74 s)
Epoch 49 - Average loss: 1.000000, Cumulative loss: 62.000000, Average Unnormed loss: 17309.674537, Best Loss: 17309.674537, Best Loss at Epoch 49(43.74 s)
Epoch 50 - Average loss: 1.000000, Cumulative loss: 62.000000, Average Unnormed loss: 17037.347357, Best Loss: 17037.347357, Best Loss at Epoch 50(44.74 s)
Epoch 51 - Average loss: 1.000000, Cumulative loss: 62.000000, Average Unnormed loss: 16706.549301, Best Loss: 16706.549301, Best Loss at Epoch 51(45.74 s)
Epoch 52 - Average loss: 1.000000, Cumulative loss: 62.000000, Average Unnormed loss: 16404.776603, Best Loss: 16404.776603, Best Loss at Epoch 52(46.71 s)
Epoch 53 - Average loss: 1.000000, Cumulative loss: 62.000000, Average Unnormed loss: 16177.622464, Best Loss: 16177.622464, Best Loss at Epoch 53(47.71 s)
Epoch 54 - Average loss: 1.000000, Cumulative loss: 62.000000, Average Unnormed loss: 15896.325054, Best Loss: 15896.325054, Best Loss at Epoch 54(48.69 s)
Epoch 55 - Average loss: 1.000000, Cumulative loss: 62.000000, Average Unnormed loss: 15645.022918, Best Loss: 15645.022918, Best Loss at Epoch 55(49.63 s)
Epoch 56 - Average loss: 1.000000, Cumulative loss: 62.000000, Average Unnormed loss: 15441.414062, Best Loss: 15441.414062, Best Loss at Epoch 56(50.55 s)
Epoch 57 - Average loss: 1.000000, Cumulative loss: 62.000000, Average Unnormed loss: 15155.367471, Best Loss: 15155.367471, Best Loss at Epoch 57(51.49 s)
Epoch 58 - Average loss: 1.000000, Cumulative loss: 62.000000, Average Unnormed loss: 14853.757655, Best Loss: 14853.757655, Best Loss at Epoch 58(52.43 s)
Epoch 59 - Average loss: 1.000000, Cumulative loss: 62.000000, Average Unnormed loss: 14661.387554, Best Loss: 14661.387554, Best Loss at Epoch 59(53.35 s)
Epoch 60 - Average loss: 1.000000, Cumulative loss: 62.000000, Average Unnormed loss: 14414.711505, Best Loss: 14414.711505, Best Loss at Epoch 60(54.28 s)
Epoch 61 - Average loss: 1.000000, Cumulative loss: 62.000000, Average Unnormed loss: 14167.857201, Best Loss: 14167.857201, Best Loss at Epoch 61(55.25 s)
Epoch 62 - Average loss: 1.000000, Cumulative loss: 62.000000, Average Unnormed loss: 13905.931767, Best Loss: 13905.931767, Best Loss at Epoch 62(56.18 s)
Epoch 63 - Average loss: 1.000000, Cumulative loss: 62.000000, Average Unnormed loss: 13771.727051, Best Loss: 13771.727051, Best Loss at Epoch 63(57.10 s)
Epoch 64 - Average loss: 1.000000, Cumulative loss: 62.000000, Average Unnormed loss: 13535.527588, Best Loss: 13535.527588, Best Loss at Epoch 64(58.04 s)
Epoch 65 - Average loss: 1.000000, Cumulative loss: 62.000000, Average Unnormed loss: 13240.421954, Best Loss: 13240.421954, Best Loss at Epoch 65(58.96 s)
Epoch 66 - Average loss: 1.000000, Cumulative loss: 62.000000, Average Unnormed loss: 13154.829779, Best Loss: 13154.829779, Best Loss at Epoch 66(59.91 s)
Epoch 67 - Average loss: 1.000000, Cumulative loss: 62.000000, Average Unnormed loss: 12937.836079, Best Loss: 12937.836079, Best Loss at Epoch 67(60.85 s)
Epoch 68 - Average loss: 1.000000, Cumulative loss: 62.000000, Average Unnormed loss: 12723.238588, Best Loss: 12723.238588, Best Loss at Epoch 68(61.78 s)
Epoch 69 - Average loss: 1.000000, Cumulative loss: 62.000000, Average Unnormed loss: 12572.001449, Best Loss: 12572.001449, Best Loss at Epoch 69(62.72 s)
Epoch 70 - Average loss: 1.000000, Cumulative loss: 62.000000, Average Unnormed loss: 12358.159471, Best Loss: 12358.159471, Best Loss at Epoch 70(63.65 s)
Epoch 71 - Average loss: 1.000000, Cumulative loss: 62.000000, Average Unnormed loss: 12231.213804, Best Loss: 12231.213804, Best Loss at Epoch 71(64.59 s)
Epoch 72 - Average loss: 1.000000, Cumulative loss: 62.000000, Average Unnormed loss: 12129.555617, Best Loss: 12129.555617, Best Loss at Epoch 72(65.61 s)
Epoch 73 - Average loss: 1.000000, Cumulative loss: 62.000000, Average Unnormed loss: 11911.176758, Best Loss: 11911.176758, Best Loss at Epoch 73(66.53 s)
Epoch 74 - Average loss: 1.000000, Cumulative loss: 62.000000, Average Unnormed loss: 11853.616849, Best Loss: 11853.616849, Best Loss at Epoch 74(67.51 s)
Epoch 75 - Average loss: 1.000000, Cumulative loss: 62.000000, Average Unnormed loss: 11708.945328, Best Loss: 11708.945328, Best Loss at Epoch 75(68.44 s)
Epoch 76 - Average loss: 1.000000, Cumulative loss: 62.000000, Average Unnormed loss: 11555.853082, Best Loss: 11555.853082, Best Loss at Epoch 76(69.39 s)
Epoch 77 - Average loss: 1.000000, Cumulative loss: 62.000000, Average Unnormed loss: 11370.843451, Best Loss: 11370.843451, Best Loss at Epoch 77(70.28 s)
Epoch 78 - Average loss: 1.000000, Cumulative loss: 62.000000, Average Unnormed loss: 11337.124071, Best Loss: 11337.124071, Best Loss at Epoch 78(71.15 s)
Epoch 79 - Average loss: 1.000000, Cumulative loss: 62.000000, Average Unnormed loss: 11143.493904, Best Loss: 11143.493904, Best Loss at Epoch 79(72.03 s)
Epoch 80 - Average loss: 1.000000, Cumulative loss: 62.000000, Average Unnormed loss: 11051.835449, Best Loss: 11051.835449, Best Loss at Epoch 80(72.90 s)
Epoch 81 - Average loss: 1.000000, Cumulative loss: 62.000000, Average Unnormed loss: 10992.595018, Best Loss: 10992.595018, Best Loss at Epoch 81(73.77 s)
Epoch 82 - Average loss: 1.000000, Cumulative loss: 62.000000, Average Unnormed loss: 10901.373031, Best Loss: 10901.373031, Best Loss at Epoch 82(74.65 s)
Epoch 83 - Average loss: 1.000000, Cumulative loss: 62.000000, Average Unnormed loss: 10761.234407, Best Loss: 10761.234407, Best Loss at Epoch 83(75.52 s)
Epoch 84 - Average loss: 1.000000, Cumulative loss: 62.000000, Average Unnormed loss: 10696.877623, Best Loss: 10696.877623, Best Loss at Epoch 84(76.39 s)
Epoch 85 - Average loss: 1.000000, Cumulative loss: 62.000000, Average Unnormed loss: 10560.744873, Best Loss: 10560.744873, Best Loss at Epoch 85(77.27 s)
Epoch 86 - Average loss: 1.000000, Cumulative loss: 62.000000, Average Unnormed loss: 10397.203716, Best Loss: 10397.203716, Best Loss at Epoch 86(78.14 s)
Epoch 87 - Average loss: 1.000000, Cumulative loss: 62.000000, Average Unnormed loss: 10370.578070, Best Loss: 10370.578070, Best Loss at Epoch 87(79.01 s)
Epoch 88 - Average loss: 1.000000, Cumulative loss: 62.000000, Average Unnormed loss: 10342.025020, Best Loss: 10342.025020, Best Loss at Epoch 88(79.91 s)
Epoch 89 - Average loss: 1.000000, Cumulative loss: 62.000000, Average Unnormed loss: 10222.340348, Best Loss: 10222.340348, Best Loss at Epoch 89(80.86 s)
Epoch 90 - Average loss: 1.000000, Cumulative loss: 62.000000, Average Unnormed loss: 10183.379938, Best Loss: 10183.379938, Best Loss at Epoch 90(81.79 s)
Epoch 91 - Average loss: 1.000000, Cumulative loss: 62.000000, Average Unnormed loss: 9987.341230, Best Loss: 9987.341230, Best Loss at Epoch 91(82.71 s)
Epoch 92 - Average loss: 1.000000, Cumulative loss: 62.000000, Average Unnormed loss: 10003.799773, Best Loss: 9987.341230, Best Loss at Epoch 91(83.64 s)
Epoch 93 - Average loss: 1.000000, Cumulative loss: 62.000000, Average Unnormed loss: 9985.348145, Best Loss: 9985.348145, Best Loss at Epoch 93(84.55 s)
Epoch 94 - Average loss: 1.000000, Cumulative loss: 62.000000, Average Unnormed loss: 9852.419827, Best Loss: 9852.419827, Best Loss at Epoch 94(85.47 s)
Epoch 95 - Average loss: 1.000000, Cumulative loss: 62.000000, Average Unnormed loss: 9837.663858, Best Loss: 9837.663858, Best Loss at Epoch 95(86.39 s)
Epoch 96 - Average loss: 1.000000, Cumulative loss: 62.000000, Average Unnormed loss: 9739.898225, Best Loss: 9739.898225, Best Loss at Epoch 96(87.32 s)
Epoch 97 - Average loss: 1.000000, Cumulative loss: 62.000000, Average Unnormed loss: 9676.497488, Best Loss: 9676.497488, Best Loss at Epoch 97(88.26 s)
Epoch 98 - Average loss: 1.000000, Cumulative loss: 62.000000, Average Unnormed loss: 9621.239927, Best Loss: 9621.239927, Best Loss at Epoch 98(89.18 s)
Epoch 99 - Average loss: 1.000000, Cumulative loss: 62.000000, Average Unnormed loss: 9564.150359, Best Loss: 9564.150359, Best Loss at Epoch 99(90.17 s)
Epoch 100 - Average loss: 1.000000, Cumulative loss: 62.000000, Average Unnormed loss: 9536.560460, Best Loss: 9536.560460, Best Loss at Epoch 100(91.09 s)
Epoch 101 - Average loss: 1.000000, Cumulative loss: 62.000000, Average Unnormed loss: 9451.110974, Best Loss: 9451.110974, Best Loss at Epoch 101(92.02 s)
Epoch 102 - Average loss: 1.000000, Cumulative loss: 62.000000, Average Unnormed loss: 9424.343978, Best Loss: 9424.343978, Best Loss at Epoch 102(92.94 s)
Epoch 103 - Average loss: 1.000000, Cumulative loss: 62.000000, Average Unnormed loss: 9371.438028, Best Loss: 9371.438028, Best Loss at Epoch 103(93.87 s)
Epoch 104 - Average loss: 1.000000, Cumulative loss: 62.000000, Average Unnormed loss: 9278.821218, Best Loss: 9278.821218, Best Loss at Epoch 104(94.78 s)
Epoch 105 - Average loss: 1.000000, Cumulative loss: 62.000000, Average Unnormed loss: 9260.776643, Best Loss: 9260.776643, Best Loss at Epoch 105(95.70 s)
Epoch 106 - Average loss: 1.000000, Cumulative loss: 62.000000, Average Unnormed loss: 9229.977697, Best Loss: 9229.977697, Best Loss at Epoch 106(96.63 s)
Epoch 107 - Average loss: 1.000000, Cumulative loss: 62.000000, Average Unnormed loss: 9164.756820, Best Loss: 9164.756820, Best Loss at Epoch 107(97.56 s)
Epoch 108 - Average loss: 1.000000, Cumulative loss: 62.000000, Average Unnormed loss: 9161.082661, Best Loss: 9161.082661, Best Loss at Epoch 108(98.49 s)
Epoch 109 - Average loss: 1.000000, Cumulative loss: 62.000000, Average Unnormed loss: 9098.077235, Best Loss: 9098.077235, Best Loss at Epoch 109(99.41 s)
Epoch 110 - Average loss: 1.000000, Cumulative loss: 62.000000, Average Unnormed loss: 9009.848381, Best Loss: 9009.848381, Best Loss at Epoch 110(100.34 s)
Epoch 111 - Average loss: 1.000000, Cumulative loss: 62.000000, Average Unnormed loss: 8976.323069, Best Loss: 8976.323069, Best Loss at Epoch 111(101.35 s)
Epoch 112 - Average loss: 1.000000, Cumulative loss: 62.000000, Average Unnormed loss: 8978.877000, Best Loss: 8976.323069, Best Loss at Epoch 111(102.28 s)
Epoch 113 - Average loss: 1.000000, Cumulative loss: 62.000000, Average Unnormed loss: 8943.601114, Best Loss: 8943.601114, Best Loss at Epoch 113(103.19 s)
Epoch 114 - Average loss: 1.000000, Cumulative loss: 62.000000, Average Unnormed loss: 8912.588206, Best Loss: 8912.588206, Best Loss at Epoch 114(104.12 s)
Epoch 115 - Average loss: 1.000000, Cumulative loss: 62.000000, Average Unnormed loss: 8871.392460, Best Loss: 8871.392460, Best Loss at Epoch 115(105.05 s)
Epoch 116 - Average loss: 1.000000, Cumulative loss: 62.000000, Average Unnormed loss: 8838.655415, Best Loss: 8838.655415, Best Loss at Epoch 116(105.98 s)
Epoch 117 - Average loss: 1.000000, Cumulative loss: 62.000000, Average Unnormed loss: 8787.664677, Best Loss: 8787.664677, Best Loss at Epoch 117(106.91 s)
Epoch 118 - Average loss: 1.000000, Cumulative loss: 62.000000, Average Unnormed loss: 8768.457354, Best Loss: 8768.457354, Best Loss at Epoch 118(107.91 s)
Epoch 119 - Average loss: 1.000000, Cumulative loss: 62.000000, Average Unnormed loss: 8725.960276, Best Loss: 8725.960276, Best Loss at Epoch 119(108.84 s)
Epoch 120 - Average loss: 1.000000, Cumulative loss: 62.000000, Average Unnormed loss: 8676.789968, Best Loss: 8676.789968, Best Loss at Epoch 120(109.77 s)
Epoch 121 - Average loss: 1.000000, Cumulative loss: 62.000000, Average Unnormed loss: 8621.670040, Best Loss: 8621.670040, Best Loss at Epoch 121(110.67 s)
Epoch 122 - Average loss: 1.000000, Cumulative loss: 62.000000, Average Unnormed loss: 8612.095372, Best Loss: 8612.095372, Best Loss at Epoch 122(111.54 s)
Epoch 123 - Average loss: 1.000000, Cumulative loss: 62.000000, Average Unnormed loss: 8568.140995, Best Loss: 8568.140995, Best Loss at Epoch 123(112.41 s)
Epoch 124 - Average loss: 1.000000, Cumulative loss: 62.000000, Average Unnormed loss: 8566.644342, Best Loss: 8566.644342, Best Loss at Epoch 124(113.29 s)
Epoch 125 - Average loss: 1.000000, Cumulative loss: 62.000000, Average Unnormed loss: 8535.587938, Best Loss: 8535.587938, Best Loss at Epoch 125(114.16 s)
Epoch 126 - Average loss: 1.000000, Cumulative loss: 62.000000, Average Unnormed loss: 8482.780777, Best Loss: 8482.780777, Best Loss at Epoch 126(115.04 s)
Epoch 127 - Average loss: 1.000000, Cumulative loss: 62.000000, Average Unnormed loss: 8466.648776, Best Loss: 8466.648776, Best Loss at Epoch 127(115.91 s)
Epoch 128 - Average loss: 1.000000, Cumulative loss: 62.000000, Average Unnormed loss: 8457.756017, Best Loss: 8457.756017, Best Loss at Epoch 128(116.79 s)
Epoch 129 - Average loss: 1.000000, Cumulative loss: 62.000000, Average Unnormed loss: 8411.584205, Best Loss: 8411.584205, Best Loss at Epoch 129(117.66 s)
Epoch 130 - Average loss: 1.000000, Cumulative loss: 62.000000, Average Unnormed loss: 8356.844538, Best Loss: 8356.844538, Best Loss at Epoch 130(118.58 s)
Epoch 131 - Average loss: 1.000000, Cumulative loss: 62.000000, Average Unnormed loss: 8327.072667, Best Loss: 8327.072667, Best Loss at Epoch 131(119.52 s)
Epoch 132 - Average loss: 1.000000, Cumulative loss: 62.000000, Average Unnormed loss: 8282.506466, Best Loss: 8282.506466, Best Loss at Epoch 132(120.45 s)
Epoch 133 - Average loss: 1.000000, Cumulative loss: 62.000000, Average Unnormed loss: 8245.028214, Best Loss: 8245.028214, Best Loss at Epoch 133(121.38 s)
Epoch 134 - Average loss: 1.000000, Cumulative loss: 62.000000, Average Unnormed loss: 8275.927853, Best Loss: 8245.028214, Best Loss at Epoch 133(122.31 s)
Epoch 135 - Average loss: 1.000000, Cumulative loss: 62.000000, Average Unnormed loss: 8235.603689, Best Loss: 8235.603689, Best Loss at Epoch 135(123.22 s)
Epoch 136 - Average loss: 1.000000, Cumulative loss: 62.000000, Average Unnormed loss: 8231.653753, Best Loss: 8231.653753, Best Loss at Epoch 136(124.15 s)
Epoch 137 - Average loss: 1.000000, Cumulative loss: 62.000000, Average Unnormed loss: 8182.687027, Best Loss: 8182.687027, Best Loss at Epoch 137(125.09 s)
Epoch 138 - Average loss: 1.000000, Cumulative loss: 62.000000, Average Unnormed loss: 8132.929845, Best Loss: 8132.929845, Best Loss at Epoch 138(126.02 s)
Epoch 139 - Average loss: 1.000000, Cumulative loss: 62.000000, Average Unnormed loss: 8141.983154, Best Loss: 8132.929845, Best Loss at Epoch 138(126.95 s)
Epoch 140 - Average loss: 1.000000, Cumulative loss: 62.000000, Average Unnormed loss: 8111.517905, Best Loss: 8111.517905, Best Loss at Epoch 140(127.87 s)
Epoch 141 - Average loss: 1.000000, Cumulative loss: 62.000000, Average Unnormed loss: 8103.055837, Best Loss: 8103.055837, Best Loss at Epoch 141(128.80 s)
Epoch 142 - Average loss: 1.000000, Cumulative loss: 62.000000, Average Unnormed loss: 8087.423517, Best Loss: 8087.423517, Best Loss at Epoch 142(129.72 s)
Epoch 143 - Average loss: 1.000000, Cumulative loss: 62.000000, Average Unnormed loss: 7989.548206, Best Loss: 7989.548206, Best Loss at Epoch 143(130.68 s)
Epoch 144 - Average loss: 1.000000, Cumulative loss: 62.000000, Average Unnormed loss: 7950.794323, Best Loss: 7950.794323, Best Loss at Epoch 144(131.61 s)
Epoch 145 - Average loss: 1.000000, Cumulative loss: 62.000000, Average Unnormed loss: 7961.299600, Best Loss: 7950.794323, Best Loss at Epoch 144(132.54 s)
Epoch 146 - Average loss: 1.000000, Cumulative loss: 62.000000, Average Unnormed loss: 7910.928380, Best Loss: 7910.928380, Best Loss at Epoch 146(133.46 s)
Epoch 147 - Average loss: 1.000000, Cumulative loss: 62.000000, Average Unnormed loss: 7926.302919, Best Loss: 7910.928380, Best Loss at Epoch 146(134.40 s)
Epoch 148 - Average loss: 1.000000, Cumulative loss: 62.000000, Average Unnormed loss: 7905.037976, Best Loss: 7905.037976, Best Loss at Epoch 148(135.31 s)
Epoch 149 - Average loss: 1.000000, Cumulative loss: 62.000000, Average Unnormed loss: 7865.115321, Best Loss: 7865.115321, Best Loss at Epoch 149(136.37 s)
Epoch 150 - Average loss: 1.000000, Cumulative loss: 62.000000, Average Unnormed loss: 7866.010868, Best Loss: 7865.115321, Best Loss at Epoch 149(137.30 s)
Epoch 151 - Average loss: 1.000000, Cumulative loss: 62.000000, Average Unnormed loss: 7829.034762, Best Loss: 7829.034762, Best Loss at Epoch 151(138.22 s)
Epoch 152 - Average loss: 1.000000, Cumulative loss: 62.000000, Average Unnormed loss: 7784.039693, Best Loss: 7784.039693, Best Loss at Epoch 152(139.15 s)
Epoch 153 - Average loss: 1.000000, Cumulative loss: 62.000000, Average Unnormed loss: 7723.311949, Best Loss: 7723.311949, Best Loss at Epoch 153(140.07 s)
Epoch 154 - Average loss: 1.000000, Cumulative loss: 62.000000, Average Unnormed loss: 7724.378835, Best Loss: 7723.311949, Best Loss at Epoch 153(141.00 s)
Epoch 155 - Average loss: 1.000000, Cumulative loss: 62.000000, Average Unnormed loss: 7708.158353, Best Loss: 7708.158353, Best Loss at Epoch 155(141.92 s)
Epoch 156 - Average loss: 1.000000, Cumulative loss: 62.000000, Average Unnormed loss: 7685.839481, Best Loss: 7685.839481, Best Loss at Epoch 156(142.92 s)
Epoch 157 - Average loss: 1.000000, Cumulative loss: 62.000000, Average Unnormed loss: 7714.395059, Best Loss: 7685.839481, Best Loss at Epoch 156(143.85 s)
Epoch 158 - Average loss: 1.000000, Cumulative loss: 62.000000, Average Unnormed loss: 7648.673868, Best Loss: 7648.673868, Best Loss at Epoch 158(144.77 s)
Epoch 159 - Average loss: 1.000000, Cumulative loss: 62.000000, Average Unnormed loss: 7651.699479, Best Loss: 7648.673868, Best Loss at Epoch 158(145.70 s)
Epoch 160 - Average loss: 1.000000, Cumulative loss: 62.000000, Average Unnormed loss: 7582.097786, Best Loss: 7582.097786, Best Loss at Epoch 160(146.61 s)
Epoch 161 - Average loss: 1.000000, Cumulative loss: 62.000000, Average Unnormed loss: 7629.151978, Best Loss: 7582.097786, Best Loss at Epoch 160(147.54 s)
Epoch 162 - Average loss: 1.000000, Cumulative loss: 62.000000, Average Unnormed loss: 7623.987336, Best Loss: 7582.097786, Best Loss at Epoch 160(148.46 s)
Epoch 163 - Average loss: 1.000000, Cumulative loss: 62.000000, Average Unnormed loss: 7599.994920, Best Loss: 7582.097786, Best Loss at Epoch 160(149.37 s)
Epoch 164 - Average loss: 1.000000, Cumulative loss: 62.000000, Average Unnormed loss: 7593.053219, Best Loss: 7582.097786, Best Loss at Epoch 160(150.29 s)
Epoch 165 - Average loss: 1.000000, Cumulative loss: 62.000000, Average Unnormed loss: 7471.957437, Best Loss: 7471.957437, Best Loss at Epoch 165(151.21 s)
Epoch 166 - Average loss: 1.000000, Cumulative loss: 62.000000, Average Unnormed loss: 7538.314429, Best Loss: 7471.957437, Best Loss at Epoch 165(152.14 s)
Epoch 167 - Average loss: 1.000000, Cumulative loss: 62.000000, Average Unnormed loss: 7510.996535, Best Loss: 7471.957437, Best Loss at Epoch 165(153.05 s)
Epoch 168 - Average loss: 1.000000, Cumulative loss: 62.000000, Average Unnormed loss: 7526.322904, Best Loss: 7471.957437, Best Loss at Epoch 165(153.97 s)
Epoch 169 - Average loss: 1.000000, Cumulative loss: 62.000000, Average Unnormed loss: 7472.927537, Best Loss: 7471.957437, Best Loss at Epoch 165(154.96 s)
Epoch 170 - Average loss: 1.000000, Cumulative loss: 62.000000, Average Unnormed loss: 7439.925821, Best Loss: 7439.925821, Best Loss at Epoch 170(155.88 s)
Epoch 171 - Average loss: 1.000000, Cumulative loss: 62.000000, Average Unnormed loss: 7453.020791, Best Loss: 7439.925821, Best Loss at Epoch 170(156.80 s)
Epoch 172 - Average loss: 1.000000, Cumulative loss: 62.000000, Average Unnormed loss: 7431.232430, Best Loss: 7431.232430, Best Loss at Epoch 172(157.72 s)
Epoch 173 - Average loss: 1.000000, Cumulative loss: 62.000000, Average Unnormed loss: 7416.404458, Best Loss: 7416.404458, Best Loss at Epoch 173(158.65 s)
Epoch 174 - Average loss: 1.000000, Cumulative loss: 62.000000, Average Unnormed loss: 7406.184263, Best Loss: 7406.184263, Best Loss at Epoch 174(159.58 s)
Epoch 175 - Average loss: 1.000000, Cumulative loss: 62.000000, Average Unnormed loss: 7343.434389, Best Loss: 7343.434389, Best Loss at Epoch 175(160.51 s)
Epoch 176 - Average loss: 1.000000, Cumulative loss: 62.000000, Average Unnormed loss: 7334.889782, Best Loss: 7334.889782, Best Loss at Epoch 176(161.44 s)
Epoch 177 - Average loss: 1.000000, Cumulative loss: 62.000000, Average Unnormed loss: 7369.666587, Best Loss: 7334.889782, Best Loss at Epoch 176(162.37 s)
Epoch 178 - Average loss: 1.000000, Cumulative loss: 62.000000, Average Unnormed loss: 7307.309476, Best Loss: 7307.309476, Best Loss at Epoch 178(163.29 s)
Epoch 179 - Average loss: 1.000000, Cumulative loss: 62.000000, Average Unnormed loss: 7281.964718, Best Loss: 7281.964718, Best Loss at Epoch 179(164.22 s)
Epoch 180 - Average loss: 1.000000, Cumulative loss: 62.000000, Average Unnormed loss: 7287.260813, Best Loss: 7281.964718, Best Loss at Epoch 179(165.15 s)
Epoch 181 - Average loss: 1.000000, Cumulative loss: 62.000000, Average Unnormed loss: 7276.311775, Best Loss: 7276.311775, Best Loss at Epoch 181(166.13 s)
Epoch 182 - Average loss: 1.000000, Cumulative loss: 62.000000, Average Unnormed loss: 7219.918496, Best Loss: 7219.918496, Best Loss at Epoch 182(167.07 s)
Epoch 183 - Average loss: 1.000000, Cumulative loss: 62.000000, Average Unnormed loss: 7268.614888, Best Loss: 7219.918496, Best Loss at Epoch 182(168.00 s)
Epoch 184 - Average loss: 1.000000, Cumulative loss: 62.000000, Average Unnormed loss: 7181.499354, Best Loss: 7181.499354, Best Loss at Epoch 184(168.92 s)
Epoch 185 - Average loss: 1.000000, Cumulative loss: 62.000000, Average Unnormed loss: 7207.996354, Best Loss: 7181.499354, Best Loss at Epoch 184(169.85 s)
Epoch 186 - Average loss: 1.000000, Cumulative loss: 62.000000, Average Unnormed loss: 7177.712103, Best Loss: 7177.712103, Best Loss at Epoch 186(170.77 s)
Epoch 187 - Average loss: 1.000000, Cumulative loss: 62.000000, Average Unnormed loss: 7167.355122, Best Loss: 7167.355122, Best Loss at Epoch 187(171.70 s)
Epoch 188 - Average loss: 1.000000, Cumulative loss: 62.000000, Average Unnormed loss: 7196.751705, Best Loss: 7167.355122, Best Loss at Epoch 187(172.71 s)
Epoch 189 - Average loss: 1.000000, Cumulative loss: 62.000000, Average Unnormed loss: 7187.893362, Best Loss: 7167.355122, Best Loss at Epoch 187(173.63 s)
Epoch 190 - Average loss: 1.000000, Cumulative loss: 62.000000, Average Unnormed loss: 7125.942056, Best Loss: 7125.942056, Best Loss at Epoch 190(174.55 s)
Epoch 191 - Average loss: 1.000000, Cumulative loss: 62.000000, Average Unnormed loss: 7144.802132, Best Loss: 7125.942056, Best Loss at Epoch 190(175.48 s)
Epoch 192 - Average loss: 1.000000, Cumulative loss: 62.000000, Average Unnormed loss: 7137.957590, Best Loss: 7125.942056, Best Loss at Epoch 190(176.40 s)
Epoch 193 - Average loss: 1.000000, Cumulative loss: 62.000000, Average Unnormed loss: 7119.890357, Best Loss: 7119.890357, Best Loss at Epoch 193(177.31 s)
Epoch 194 - Average loss: 1.000000, Cumulative loss: 62.000000, Average Unnormed loss: 7052.170016, Best Loss: 7052.170016, Best Loss at Epoch 194(178.25 s)
Epoch 195 - Average loss: 1.000000, Cumulative loss: 62.000000, Average Unnormed loss: 7089.865010, Best Loss: 7052.170016, Best Loss at Epoch 194(179.18 s)
Epoch 196 - Average loss: 1.000000, Cumulative loss: 62.000000, Average Unnormed loss: 7080.313744, Best Loss: 7052.170016, Best Loss at Epoch 194(180.10 s)
Epoch 197 - Average loss: 1.000000, Cumulative loss: 62.000000, Average Unnormed loss: 7039.025119, Best Loss: 7039.025119, Best Loss at Epoch 197(181.02 s)
Epoch 198 - Average loss: 1.000000, Cumulative loss: 62.000000, Average Unnormed loss: 7040.916827, Best Loss: 7039.025119, Best Loss at Epoch 197(181.95 s)
Epoch 199 - Average loss: 1.000000, Cumulative loss: 62.000000, Average Unnormed loss: 7025.360682, Best Loss: 7025.360682, Best Loss at Epoch 199(182.87 s)
Epoch 200 - Average loss: 1.000000, Cumulative loss: 62.000000, Average Unnormed loss: 7008.357887, Best Loss: 7008.357887, Best Loss at Epoch 200(183.80 s)
Epoch 201 - Average loss: 1.000000, Cumulative loss: 62.000000, Average Unnormed loss: 6935.908435, Best Loss: 6935.908435, Best Loss at Epoch 201(184.79 s)
Epoch 202 - Average loss: 1.000000, Cumulative loss: 62.000000, Average Unnormed loss: 6960.770563, Best Loss: 6935.908435, Best Loss at Epoch 201(185.72 s)
Epoch 203 - Average loss: 1.000000, Cumulative loss: 62.000000, Average Unnormed loss: 6974.843226, Best Loss: 6935.908435, Best Loss at Epoch 201(186.64 s)
Epoch 204 - Average loss: 1.000000, Cumulative loss: 62.000000, Average Unnormed loss: 6967.099302, Best Loss: 6935.908435, Best Loss at Epoch 201(187.56 s)
Epoch 205 - Average loss: 1.000000, Cumulative loss: 62.000000, Average Unnormed loss: 6958.125575, Best Loss: 6935.908435, Best Loss at Epoch 201(188.48 s)
Epoch 206 - Average loss: 1.000000, Cumulative loss: 62.000000, Average Unnormed loss: 6943.131379, Best Loss: 6935.908435, Best Loss at Epoch 201(189.40 s)
Epoch 207 - Average loss: 1.000000, Cumulative loss: 62.000000, Average Unnormed loss: 6916.139081, Best Loss: 6916.139081, Best Loss at Epoch 207(190.31 s)
Epoch 208 - Average loss: 1.000000, Cumulative loss: 62.000000, Average Unnormed loss: 6938.729417, Best Loss: 6916.139081, Best Loss at Epoch 207(191.24 s)
Epoch 209 - Average loss: 1.000000, Cumulative loss: 62.000000, Average Unnormed loss: 6903.795268, Best Loss: 6903.795268, Best Loss at Epoch 209(192.16 s)
Epoch 210 - Average loss: 1.000000, Cumulative loss: 62.000000, Average Unnormed loss: 6870.259262, Best Loss: 6870.259262, Best Loss at Epoch 210(193.10 s)
Epoch 211 - Average loss: 1.000000, Cumulative loss: 62.000000, Average Unnormed loss: 6858.046351, Best Loss: 6858.046351, Best Loss at Epoch 211(194.02 s)
Epoch 212 - Average loss: 1.000000, Cumulative loss: 62.000000, Average Unnormed loss: 6843.939985, Best Loss: 6843.939985, Best Loss at Epoch 212(194.95 s)
Epoch 213 - Average loss: 1.000000, Cumulative loss: 62.000000, Average Unnormed loss: 6851.154384, Best Loss: 6843.939985, Best Loss at Epoch 212(196.00 s)
Epoch 214 - Average loss: 1.000000, Cumulative loss: 62.000000, Average Unnormed loss: 6825.867770, Best Loss: 6825.867770, Best Loss at Epoch 214(196.96 s)
Epoch 215 - Average loss: 1.000000, Cumulative loss: 62.000000, Average Unnormed loss: 6828.235926, Best Loss: 6825.867770, Best Loss at Epoch 214(197.93 s)
Epoch 216 - Average loss: 1.000000, Cumulative loss: 62.000000, Average Unnormed loss: 6789.322935, Best Loss: 6789.322935, Best Loss at Epoch 216(198.88 s)
Epoch 217 - Average loss: 1.000000, Cumulative loss: 62.000000, Average Unnormed loss: 6828.187669, Best Loss: 6789.322935, Best Loss at Epoch 216(199.85 s)
Epoch 218 - Average loss: 1.000000, Cumulative loss: 62.000000, Average Unnormed loss: 6822.546119, Best Loss: 6789.322935, Best Loss at Epoch 216(200.80 s)
Epoch 219 - Average loss: 1.000000, Cumulative loss: 62.000000, Average Unnormed loss: 6801.045241, Best Loss: 6789.322935, Best Loss at Epoch 216(201.82 s)
Epoch 220 - Average loss: 1.000000, Cumulative loss: 62.000000, Average Unnormed loss: 6770.862911, Best Loss: 6770.862911, Best Loss at Epoch 220(202.77 s)
Epoch 221 - Average loss: 1.000000, Cumulative loss: 62.000000, Average Unnormed loss: 6737.215123, Best Loss: 6737.215123, Best Loss at Epoch 221(203.71 s)
Epoch 222 - Average loss: 1.000000, Cumulative loss: 62.000000, Average Unnormed loss: 6762.815359, Best Loss: 6737.215123, Best Loss at Epoch 221(204.64 s)
Epoch 223 - Average loss: 1.000000, Cumulative loss: 62.000000, Average Unnormed loss: 6785.294721, Best Loss: 6737.215123, Best Loss at Epoch 221(205.57 s)
Epoch 224 - Average loss: 1.000000, Cumulative loss: 62.000000, Average Unnormed loss: 6763.203802, Best Loss: 6737.215123, Best Loss at Epoch 221(206.49 s)
Epoch 225 - Average loss: 1.000000, Cumulative loss: 62.000000, Average Unnormed loss: 6764.949250, Best Loss: 6737.215123, Best Loss at Epoch 221(207.41 s)
Epoch 226 - Average loss: 1.000000, Cumulative loss: 62.000000, Average Unnormed loss: 6726.608013, Best Loss: 6726.608013, Best Loss at Epoch 226(208.36 s)
Epoch 227 - Average loss: 1.000000, Cumulative loss: 62.000000, Average Unnormed loss: 6700.797537, Best Loss: 6700.797537, Best Loss at Epoch 227(209.29 s)
Epoch 228 - Average loss: 1.000000, Cumulative loss: 62.000000, Average Unnormed loss: 6737.911972, Best Loss: 6700.797537, Best Loss at Epoch 227(210.22 s)
Epoch 229 - Average loss: 1.000000, Cumulative loss: 62.000000, Average Unnormed loss: 6728.737387, Best Loss: 6700.797537, Best Loss at Epoch 227(211.14 s)
Epoch 230 - Average loss: 1.000000, Cumulative loss: 62.000000, Average Unnormed loss: 6713.709595, Best Loss: 6700.797537, Best Loss at Epoch 227(212.05 s)
Epoch 231 - Average loss: 1.000000, Cumulative loss: 62.000000, Average Unnormed loss: 6702.829763, Best Loss: 6700.797537, Best Loss at Epoch 227(212.98 s)
Epoch 232 - Average loss: 1.000000, Cumulative loss: 62.000000, Average Unnormed loss: 6689.083480, Best Loss: 6689.083480, Best Loss at Epoch 232(213.93 s)
Epoch 233 - Average loss: 1.000000, Cumulative loss: 62.000000, Average Unnormed loss: 6632.844679, Best Loss: 6632.844679, Best Loss at Epoch 233(214.88 s)
Epoch 234 - Average loss: 1.000000, Cumulative loss: 62.000000, Average Unnormed loss: 6666.052427, Best Loss: 6632.844679, Best Loss at Epoch 233(215.85 s)
Epoch 235 - Average loss: 1.000000, Cumulative loss: 62.000000, Average Unnormed loss: 6651.387554, Best Loss: 6632.844679, Best Loss at Epoch 233(216.80 s)
Epoch 236 - Average loss: 1.000000, Cumulative loss: 62.000000, Average Unnormed loss: 6624.926128, Best Loss: 6624.926128, Best Loss at Epoch 236(217.76 s)
Epoch 237 - Average loss: 1.000000, Cumulative loss: 62.000000, Average Unnormed loss: 6610.042929, Best Loss: 6610.042929, Best Loss at Epoch 237(218.73 s)
Epoch 238 - Average loss: 1.000000, Cumulative loss: 62.000000, Average Unnormed loss: 6594.826117, Best Loss: 6594.826117, Best Loss at Epoch 238(219.69 s)
Epoch 239 - Average loss: 1.000000, Cumulative loss: 62.000000, Average Unnormed loss: 6578.760163, Best Loss: 6578.760163, Best Loss at Epoch 239(220.71 s)
Epoch 240 - Average loss: 1.000000, Cumulative loss: 62.000000, Average Unnormed loss: 6614.041106, Best Loss: 6578.760163, Best Loss at Epoch 239(221.68 s)
Epoch 241 - Average loss: 1.000000, Cumulative loss: 62.000000, Average Unnormed loss: 6560.692359, Best Loss: 6560.692359, Best Loss at Epoch 241(222.62 s)
Epoch 242 - Average loss: 1.000000, Cumulative loss: 62.000000, Average Unnormed loss: 6524.305861, Best Loss: 6524.305861, Best Loss at Epoch 242(223.56 s)
Epoch 243 - Average loss: 1.000000, Cumulative loss: 62.000000, Average Unnormed loss: 6545.759569, Best Loss: 6524.305861, Best Loss at Epoch 242(224.53 s)
Epoch 244 - Average loss: 1.000000, Cumulative loss: 62.000000, Average Unnormed loss: 6530.806078, Best Loss: 6524.305861, Best Loss at Epoch 242(225.48 s)
Epoch 245 - Average loss: 1.000000, Cumulative loss: 62.000000, Average Unnormed loss: 6530.879891, Best Loss: 6524.305861, Best Loss at Epoch 242(226.44 s)
Epoch 246 - Average loss: 1.000000, Cumulative loss: 62.000000, Average Unnormed loss: 6536.747622, Best Loss: 6524.305861, Best Loss at Epoch 242(227.39 s)
Epoch 247 - Average loss: 1.000000, Cumulative loss: 62.000000, Average Unnormed loss: 6497.825317, Best Loss: 6497.825317, Best Loss at Epoch 247(228.34 s)
Epoch 248 - Average loss: 1.000000, Cumulative loss: 62.000000, Average Unnormed loss: 6525.761557, Best Loss: 6497.825317, Best Loss at Epoch 247(229.30 s)
Epoch 249 - Average loss: 1.000000, Cumulative loss: 62.000000, Average Unnormed loss: 6482.404746, Best Loss: 6482.404746, Best Loss at Epoch 249(230.25 s)
Epoch 250 - Average loss: 1.000000, Cumulative loss: 62.000000, Average Unnormed loss: 6455.913393, Best Loss: 6455.913393, Best Loss at Epoch 250(231.31 s)
Epoch 251 - Average loss: 1.000000, Cumulative loss: 62.000000, Average Unnormed loss: 6462.281226, Best Loss: 6455.913393, Best Loss at Epoch 250(232.28 s)
Epoch 252 - Average loss: 1.000000, Cumulative loss: 62.000000, Average Unnormed loss: 6496.856560, Best Loss: 6455.913393, Best Loss at Epoch 250(233.22 s)
Epoch 253 - Average loss: 1.000000, Cumulative loss: 62.000000, Average Unnormed loss: 6425.348739, Best Loss: 6425.348739, Best Loss at Epoch 253(234.17 s)
Epoch 254 - Average loss: 1.000000, Cumulative loss: 62.000000, Average Unnormed loss: 6455.423533, Best Loss: 6425.348739, Best Loss at Epoch 253(235.14 s)
Epoch 255 - Average loss: 1.000000, Cumulative loss: 62.000000, Average Unnormed loss: 6413.946017, Best Loss: 6413.946017, Best Loss at Epoch 255(236.09 s)
Epoch 256 - Average loss: 1.000000, Cumulative loss: 62.000000, Average Unnormed loss: 6434.381883, Best Loss: 6413.946017, Best Loss at Epoch 255(237.05 s)
Epoch 257 - Average loss: 1.000000, Cumulative loss: 62.000000, Average Unnormed loss: 6410.101881, Best Loss: 6410.101881, Best Loss at Epoch 257(238.05 s)
Epoch 258 - Average loss: 1.000000, Cumulative loss: 62.000000, Average Unnormed loss: 6412.072860, Best Loss: 6410.101881, Best Loss at Epoch 257(239.01 s)
Epoch 259 - Average loss: 1.000000, Cumulative loss: 62.000000, Average Unnormed loss: 6434.624425, Best Loss: 6410.101881, Best Loss at Epoch 257(239.95 s)
Epoch 260 - Average loss: 1.000000, Cumulative loss: 62.000000, Average Unnormed loss: 6387.754292, Best Loss: 6387.754292, Best Loss at Epoch 260(240.89 s)
Epoch 261 - Average loss: 1.000000, Cumulative loss: 62.000000, Average Unnormed loss: 6370.857839, Best Loss: 6370.857839, Best Loss at Epoch 261(241.85 s)
Epoch 262 - Average loss: 1.000000, Cumulative loss: 62.000000, Average Unnormed loss: 6367.593277, Best Loss: 6367.593277, Best Loss at Epoch 262(242.80 s)
Epoch 263 - Average loss: 1.000000, Cumulative loss: 62.000000, Average Unnormed loss: 6351.661932, Best Loss: 6351.661932, Best Loss at Epoch 263(243.76 s)
Epoch 264 - Average loss: 1.000000, Cumulative loss: 62.000000, Average Unnormed loss: 6368.049954, Best Loss: 6351.661932, Best Loss at Epoch 263(244.72 s)
Epoch 265 - Average loss: 1.000000, Cumulative loss: 62.000000, Average Unnormed loss: 6350.400572, Best Loss: 6350.400572, Best Loss at Epoch 265(245.63 s)
Epoch 266 - Average loss: 1.000000, Cumulative loss: 62.000000, Average Unnormed loss: 6320.100432, Best Loss: 6320.100432, Best Loss at Epoch 266(246.56 s)
Epoch 267 - Average loss: 1.000000, Cumulative loss: 62.000000, Average Unnormed loss: 6354.747248, Best Loss: 6320.100432, Best Loss at Epoch 266(247.49 s)
Epoch 268 - Average loss: 1.000000, Cumulative loss: 62.000000, Average Unnormed loss: 6335.885431, Best Loss: 6320.100432, Best Loss at Epoch 266(248.42 s)
Epoch 269 - Average loss: 1.000000, Cumulative loss: 62.000000, Average Unnormed loss: 6348.643311, Best Loss: 6320.100432, Best Loss at Epoch 266(249.38 s)
Epoch 270 - Average loss: 1.000000, Cumulative loss: 62.000000, Average Unnormed loss: 6319.988655, Best Loss: 6319.988655, Best Loss at Epoch 270(250.39 s)
Epoch 271 - Average loss: 1.000000, Cumulative loss: 62.000000, Average Unnormed loss: 6286.493329, Best Loss: 6286.493329, Best Loss at Epoch 271(251.32 s)
Epoch 272 - Average loss: 1.000000, Cumulative loss: 62.000000, Average Unnormed loss: 6310.179081, Best Loss: 6286.493329, Best Loss at Epoch 271(252.24 s)
Epoch 273 - Average loss: 1.000000, Cumulative loss: 62.000000, Average Unnormed loss: 6318.304341, Best Loss: 6286.493329, Best Loss at Epoch 271(253.16 s)
Epoch 274 - Average loss: 1.000000, Cumulative loss: 62.000000, Average Unnormed loss: 6277.917681, Best Loss: 6277.917681, Best Loss at Epoch 274(254.07 s)
Epoch 275 - Average loss: 1.000000, Cumulative loss: 62.000000, Average Unnormed loss: 6259.968679, Best Loss: 6259.968679, Best Loss at Epoch 275(254.98 s)
Epoch 276 - Average loss: 1.000000, Cumulative loss: 62.000000, Average Unnormed loss: 6279.922548, Best Loss: 6259.968679, Best Loss at Epoch 275(255.90 s)
Epoch 277 - Average loss: 1.000000, Cumulative loss: 62.000000, Average Unnormed loss: 6289.605760, Best Loss: 6259.968679, Best Loss at Epoch 275(256.81 s)
Epoch 278 - Average loss: 1.000000, Cumulative loss: 62.000000, Average Unnormed loss: 6250.182802, Best Loss: 6250.182802, Best Loss at Epoch 278(257.72 s)
Epoch 279 - Average loss: 1.000000, Cumulative loss: 62.000000, Average Unnormed loss: 6275.340915, Best Loss: 6250.182802, Best Loss at Epoch 278(258.65 s)
Epoch 280 - Average loss: 1.000000, Cumulative loss: 62.000000, Average Unnormed loss: 6258.491620, Best Loss: 6250.182802, Best Loss at Epoch 278(259.56 s)
Epoch 281 - Average loss: 1.000000, Cumulative loss: 62.000000, Average Unnormed loss: 6242.624079, Best Loss: 6242.624079, Best Loss at Epoch 281(260.47 s)
Epoch 282 - Average loss: 1.000000, Cumulative loss: 62.000000, Average Unnormed loss: 6235.093104, Best Loss: 6235.093104, Best Loss at Epoch 282(261.45 s)
Epoch 283 - Average loss: 1.000000, Cumulative loss: 62.000000, Average Unnormed loss: 6192.165508, Best Loss: 6192.165508, Best Loss at Epoch 283(262.37 s)
Epoch 284 - Average loss: 1.000000, Cumulative loss: 62.000000, Average Unnormed loss: 6207.707575, Best Loss: 6192.165508, Best Loss at Epoch 283(263.29 s)
Epoch 285 - Average loss: 1.000000, Cumulative loss: 62.000000, Average Unnormed loss: 6216.670198, Best Loss: 6192.165508, Best Loss at Epoch 283(264.20 s)
Epoch 286 - Average loss: 1.000000, Cumulative loss: 62.000000, Average Unnormed loss: 6180.239892, Best Loss: 6180.239892, Best Loss at Epoch 286(265.11 s)
Epoch 287 - Average loss: 1.000000, Cumulative loss: 62.000000, Average Unnormed loss: 6196.187587, Best Loss: 6180.239892, Best Loss at Epoch 286(266.04 s)
Epoch 288 - Average loss: 1.000000, Cumulative loss: 62.000000, Average Unnormed loss: 6189.328353, Best Loss: 6180.239892, Best Loss at Epoch 286(266.95 s)
Epoch 289 - Average loss: 1.000000, Cumulative loss: 62.000000, Average Unnormed loss: 6184.458689, Best Loss: 6180.239892, Best Loss at Epoch 286(267.86 s)
Epoch 290 - Average loss: 1.000000, Cumulative loss: 62.000000, Average Unnormed loss: 6164.614191, Best Loss: 6164.614191, Best Loss at Epoch 290(268.76 s)
Epoch 291 - Average loss: 1.000000, Cumulative loss: 62.000000, Average Unnormed loss: 6141.707397, Best Loss: 6141.707397, Best Loss at Epoch 291(269.69 s)
Epoch 292 - Average loss: 1.000000, Cumulative loss: 62.000000, Average Unnormed loss: 6128.161936, Best Loss: 6128.161936, Best Loss at Epoch 292(270.61 s)
Epoch 293 - Average loss: 1.000000, Cumulative loss: 62.000000, Average Unnormed loss: 6155.349401, Best Loss: 6128.161936, Best Loss at Epoch 292(271.53 s)
Epoch 294 - Average loss: 1.000000, Cumulative loss: 62.000000, Average Unnormed loss: 6134.070954, Best Loss: 6128.161936, Best Loss at Epoch 292(272.52 s)
Epoch 295 - Average loss: 1.000000, Cumulative loss: 62.000000, Average Unnormed loss: 6115.062279, Best Loss: 6115.062279, Best Loss at Epoch 295(273.43 s)
Epoch 296 - Average loss: 1.000000, Cumulative loss: 62.000000, Average Unnormed loss: 6121.911723, Best Loss: 6115.062279, Best Loss at Epoch 295(274.35 s)
Epoch 297 - Average loss: 1.000000, Cumulative loss: 62.000000, Average Unnormed loss: 6116.853429, Best Loss: 6115.062279, Best Loss at Epoch 295(275.26 s)
Epoch 298 - Average loss: 1.000000, Cumulative loss: 62.000000, Average Unnormed loss: 6100.641231, Best Loss: 6100.641231, Best Loss at Epoch 298(276.17 s)
Epoch 299 - Average loss: 1.000000, Cumulative loss: 62.000000, Average Unnormed loss: 6109.322230, Best Loss: 6100.641231, Best Loss at Epoch 298(277.10 s)
Epoch 300 - Average loss: 1.000000, Cumulative loss: 62.000000, Average Unnormed loss: 6040.300966, Best Loss: 6040.300966, Best Loss at Epoch 300(278.02 s)
Epoch 301 - Average loss: 1.000000, Cumulative loss: 62.000000, Average Unnormed loss: 6076.641653, Best Loss: 6040.300966, Best Loss at Epoch 300(278.94 s)
Epoch 302 - Average loss: 1.000000, Cumulative loss: 62.000000, Average Unnormed loss: 6041.530151, Best Loss: 6040.300966, Best Loss at Epoch 300(279.85 s)
Epoch 303 - Average loss: 1.000000, Cumulative loss: 62.000000, Average Unnormed loss: 6065.529529, Best Loss: 6040.300966, Best Loss at Epoch 300(280.76 s)
Epoch 304 - Average loss: 1.000000, Cumulative loss: 62.000000, Average Unnormed loss: 6066.869751, Best Loss: 6040.300966, Best Loss at Epoch 300(281.67 s)
Epoch 305 - Average loss: 1.000000, Cumulative loss: 62.000000, Average Unnormed loss: 6042.945946, Best Loss: 6040.300966, Best Loss at Epoch 300(282.59 s)
Epoch 306 - Average loss: 1.000000, Cumulative loss: 62.000000, Average Unnormed loss: 6041.253918, Best Loss: 6040.300966, Best Loss at Epoch 300(283.50 s)
Epoch 307 - Average loss: 1.000000, Cumulative loss: 62.000000, Average Unnormed loss: 6054.390975, Best Loss: 6040.300966, Best Loss at Epoch 300(284.41 s)
Epoch 308 - Average loss: 1.000000, Cumulative loss: 62.000000, Average Unnormed loss: 6023.699424, Best Loss: 6023.699424, Best Loss at Epoch 308(285.41 s)
Epoch 309 - Average loss: 1.000000, Cumulative loss: 62.000000, Average Unnormed loss: 6021.681054, Best Loss: 6021.681054, Best Loss at Epoch 309(286.34 s)
Epoch 310 - Average loss: 1.000000, Cumulative loss: 62.000000, Average Unnormed loss: 5994.340446, Best Loss: 5994.340446, Best Loss at Epoch 310(287.25 s)
Epoch 311 - Average loss: 1.000000, Cumulative loss: 62.000000, Average Unnormed loss: 6021.314284, Best Loss: 5994.340446, Best Loss at Epoch 310(288.17 s)
Epoch 312 - Average loss: 1.000000, Cumulative loss: 62.000000, Average Unnormed loss: 6008.084197, Best Loss: 5994.340446, Best Loss at Epoch 310(289.08 s)
Epoch 313 - Average loss: 1.000000, Cumulative loss: 62.000000, Average Unnormed loss: 5975.816032, Best Loss: 5975.816032, Best Loss at Epoch 313(289.99 s)
Epoch 314 - Average loss: 1.000000, Cumulative loss: 62.000000, Average Unnormed loss: 5985.956582, Best Loss: 5975.816032, Best Loss at Epoch 313(290.91 s)
Epoch 315 - Average loss: 1.000000, Cumulative loss: 62.000000, Average Unnormed loss: 5978.977354, Best Loss: 5975.816032, Best Loss at Epoch 313(291.82 s)
Epoch 316 - Average loss: 1.000000, Cumulative loss: 62.000000, Average Unnormed loss: 5967.524312, Best Loss: 5967.524312, Best Loss at Epoch 316(292.73 s)
Epoch 317 - Average loss: 1.000000, Cumulative loss: 62.000000, Average Unnormed loss: 5904.231548, Best Loss: 5904.231548, Best Loss at Epoch 317(293.65 s)
Epoch 318 - Average loss: 1.000000, Cumulative loss: 62.000000, Average Unnormed loss: 5941.600799, Best Loss: 5904.231548, Best Loss at Epoch 317(294.57 s)
Epoch 319 - Average loss: 1.000000, Cumulative loss: 62.000000, Average Unnormed loss: 5927.677561, Best Loss: 5904.231548, Best Loss at Epoch 317(295.49 s)
Epoch 320 - Average loss: 1.000000, Cumulative loss: 62.000000, Average Unnormed loss: 5921.159774, Best Loss: 5904.231548, Best Loss at Epoch 317(296.46 s)
Epoch 321 - Average loss: 1.000000, Cumulative loss: 62.000000, Average Unnormed loss: 5913.499433, Best Loss: 5904.231548, Best Loss at Epoch 317(297.37 s)
Epoch 322 - Average loss: 1.000000, Cumulative loss: 62.000000, Average Unnormed loss: 5929.285491, Best Loss: 5904.231548, Best Loss at Epoch 317(298.28 s)
Epoch 323 - Average loss: 1.000000, Cumulative loss: 62.000000, Average Unnormed loss: 5865.650836, Best Loss: 5865.650836, Best Loss at Epoch 323(299.19 s)
Epoch 324 - Average loss: 1.000000, Cumulative loss: 62.000000, Average Unnormed loss: 5876.462394, Best Loss: 5865.650836, Best Loss at Epoch 323(300.13 s)
Epoch 325 - Average loss: 1.000000, Cumulative loss: 62.000000, Average Unnormed loss: 5866.993833, Best Loss: 5865.650836, Best Loss at Epoch 323(301.08 s)
Epoch 326 - Average loss: 1.000000, Cumulative loss: 62.000000, Average Unnormed loss: 5919.338383, Best Loss: 5865.650836, Best Loss at Epoch 323(302.01 s)
Epoch 327 - Average loss: 1.000000, Cumulative loss: 62.000000, Average Unnormed loss: 5857.968872, Best Loss: 5857.968872, Best Loss at Epoch 327(303.08 s)
Epoch 328 - Average loss: 1.000000, Cumulative loss: 62.000000, Average Unnormed loss: 5850.790354, Best Loss: 5850.790354, Best Loss at Epoch 328(304.01 s)
Epoch 329 - Average loss: 1.000000, Cumulative loss: 62.000000, Average Unnormed loss: 5897.052982, Best Loss: 5850.790354, Best Loss at Epoch 328(304.93 s)
Epoch 330 - Average loss: 1.000000, Cumulative loss: 62.000000, Average Unnormed loss: 5865.106012, Best Loss: 5850.790354, Best Loss at Epoch 328(305.85 s)
Epoch 331 - Average loss: 1.000000, Cumulative loss: 62.000000, Average Unnormed loss: 5831.914968, Best Loss: 5831.914968, Best Loss at Epoch 331(306.76 s)
Epoch 332 - Average loss: 1.000000, Cumulative loss: 62.000000, Average Unnormed loss: 5831.234064, Best Loss: 5831.234064, Best Loss at Epoch 332(307.68 s)
Epoch 333 - Average loss: 1.000000, Cumulative loss: 62.000000, Average Unnormed loss: 5842.571313, Best Loss: 5831.234064, Best Loss at Epoch 332(308.62 s)
Epoch 334 - Average loss: 1.000000, Cumulative loss: 62.000000, Average Unnormed loss: 5814.832224, Best Loss: 5814.832224, Best Loss at Epoch 334(309.56 s)
Epoch 335 - Average loss: 1.000000, Cumulative loss: 62.000000, Average Unnormed loss: 5835.800651, Best Loss: 5814.832224, Best Loss at Epoch 334(310.51 s)
Epoch 336 - Average loss: 1.000000, Cumulative loss: 62.000000, Average Unnormed loss: 5785.314489, Best Loss: 5785.314489, Best Loss at Epoch 336(311.43 s)
Epoch 337 - Average loss: 1.000000, Cumulative loss: 62.000000, Average Unnormed loss: 5810.161747, Best Loss: 5785.314489, Best Loss at Epoch 336(312.36 s)
Epoch 338 - Average loss: 1.000000, Cumulative loss: 62.000000, Average Unnormed loss: 5837.845691, Best Loss: 5785.314489, Best Loss at Epoch 336(313.27 s)
Epoch 339 - Average loss: 1.000000, Cumulative loss: 62.000000, Average Unnormed loss: 5796.856319, Best Loss: 5785.314489, Best Loss at Epoch 336(314.21 s)
Epoch 340 - Average loss: 1.000000, Cumulative loss: 62.000000, Average Unnormed loss: 5750.614959, Best Loss: 5750.614959, Best Loss at Epoch 340(315.23 s)
Epoch 341 - Average loss: 1.000000, Cumulative loss: 62.000000, Average Unnormed loss: 5806.595613, Best Loss: 5750.614959, Best Loss at Epoch 340(316.20 s)
Epoch 342 - Average loss: 1.000000, Cumulative loss: 62.000000, Average Unnormed loss: 5795.157691, Best Loss: 5750.614959, Best Loss at Epoch 340(317.13 s)
Epoch 343 - Average loss: 1.000000, Cumulative loss: 62.000000, Average Unnormed loss: 5778.070962, Best Loss: 5750.614959, Best Loss at Epoch 340(318.04 s)
Epoch 344 - Average loss: 1.000000, Cumulative loss: 62.000000, Average Unnormed loss: 5752.098511, Best Loss: 5750.614959, Best Loss at Epoch 340(318.96 s)
Epoch 345 - Average loss: 1.000000, Cumulative loss: 62.000000, Average Unnormed loss: 5786.303987, Best Loss: 5750.614959, Best Loss at Epoch 340(319.87 s)
Epoch 346 - Average loss: 1.000000, Cumulative loss: 62.000000, Average Unnormed loss: 5720.218033, Best Loss: 5720.218033, Best Loss at Epoch 346(320.79 s)
Epoch 347 - Average loss: 1.000000, Cumulative loss: 62.000000, Average Unnormed loss: 5772.014751, Best Loss: 5720.218033, Best Loss at Epoch 346(321.71 s)
Epoch 348 - Average loss: 1.000000, Cumulative loss: 62.000000, Average Unnormed loss: 5738.387396, Best Loss: 5720.218033, Best Loss at Epoch 346(322.62 s)
Epoch 349 - Average loss: 1.000000, Cumulative loss: 62.000000, Average Unnormed loss: 5771.888605, Best Loss: 5720.218033, Best Loss at Epoch 346(323.53 s)
Epoch 350 - Average loss: 1.000000, Cumulative loss: 62.000000, Average Unnormed loss: 5720.839537, Best Loss: 5720.218033, Best Loss at Epoch 346(324.43 s)
Epoch 351 - Average loss: 1.000000, Cumulative loss: 62.000000, Average Unnormed loss: 5730.200152, Best Loss: 5720.218033, Best Loss at Epoch 346(325.35 s)
Epoch 352 - Average loss: 1.000000, Cumulative loss: 62.000000, Average Unnormed loss: 5739.416224, Best Loss: 5720.218033, Best Loss at Epoch 346(326.33 s)
Epoch 353 - Average loss: 1.000000, Cumulative loss: 62.000000, Average Unnormed loss: 5699.210867, Best Loss: 5699.210867, Best Loss at Epoch 353(327.24 s)
Epoch 354 - Average loss: 1.000000, Cumulative loss: 62.000000, Average Unnormed loss: 5710.987470, Best Loss: 5699.210867, Best Loss at Epoch 353(328.17 s)
Epoch 355 - Average loss: 1.000000, Cumulative loss: 62.000000, Average Unnormed loss: 5703.381619, Best Loss: 5699.210867, Best Loss at Epoch 353(329.08 s)
Epoch 356 - Average loss: 1.000000, Cumulative loss: 62.000000, Average Unnormed loss: 5694.615167, Best Loss: 5694.615167, Best Loss at Epoch 356(329.99 s)
Epoch 357 - Average loss: 1.000000, Cumulative loss: 62.000000, Average Unnormed loss: 5682.368278, Best Loss: 5682.368278, Best Loss at Epoch 357(330.91 s)
Epoch 358 - Average loss: 1.000000, Cumulative loss: 62.000000, Average Unnormed loss: 5677.843088, Best Loss: 5677.843088, Best Loss at Epoch 358(331.85 s)
Epoch 359 - Average loss: 1.000000, Cumulative loss: 62.000000, Average Unnormed loss: 5662.206401, Best Loss: 5662.206401, Best Loss at Epoch 359(332.77 s)
Epoch 360 - Average loss: 1.000000, Cumulative loss: 62.000000, Average Unnormed loss: 5663.615325, Best Loss: 5662.206401, Best Loss at Epoch 359(333.69 s)
Epoch 361 - Average loss: 1.000000, Cumulative loss: 62.000000, Average Unnormed loss: 5674.135797, Best Loss: 5662.206401, Best Loss at Epoch 359(334.60 s)
Epoch 362 - Average loss: 1.000000, Cumulative loss: 62.000000, Average Unnormed loss: 5646.463324, Best Loss: 5646.463324, Best Loss at Epoch 362(335.51 s)
Epoch 363 - Average loss: 1.000000, Cumulative loss: 62.000000, Average Unnormed loss: 5655.327735, Best Loss: 5646.463324, Best Loss at Epoch 362(336.43 s)
Epoch 364 - Average loss: 1.000000, Cumulative loss: 62.000000, Average Unnormed loss: 5627.444934, Best Loss: 5627.444934, Best Loss at Epoch 364(337.34 s)
Epoch 365 - Average loss: 1.000000, Cumulative loss: 62.000000, Average Unnormed loss: 5651.003453, Best Loss: 5627.444934, Best Loss at Epoch 364(338.36 s)
Epoch 366 - Average loss: 1.000000, Cumulative loss: 62.000000, Average Unnormed loss: 5630.589895, Best Loss: 5627.444934, Best Loss at Epoch 364(339.27 s)
Epoch 367 - Average loss: 1.000000, Cumulative loss: 62.000000, Average Unnormed loss: 5618.009892, Best Loss: 5618.009892, Best Loss at Epoch 367(340.18 s)
Epoch 368 - Average loss: 1.000000, Cumulative loss: 62.000000, Average Unnormed loss: 5643.515389, Best Loss: 5618.009892, Best Loss at Epoch 367(341.10 s)
Epoch 369 - Average loss: 1.000000, Cumulative loss: 62.000000, Average Unnormed loss: 5596.395216, Best Loss: 5596.395216, Best Loss at Epoch 369(342.01 s)
Epoch 370 - Average loss: 1.000000, Cumulative loss: 62.000000, Average Unnormed loss: 5630.878339, Best Loss: 5596.395216, Best Loss at Epoch 369(342.93 s)
Epoch 371 - Average loss: 1.000000, Cumulative loss: 62.000000, Average Unnormed loss: 5569.588379, Best Loss: 5569.588379, Best Loss at Epoch 371(343.85 s)
Epoch 372 - Average loss: 1.000000, Cumulative loss: 62.000000, Average Unnormed loss: 5576.311681, Best Loss: 5569.588379, Best Loss at Epoch 371(344.78 s)
Epoch 373 - Average loss: 1.000000, Cumulative loss: 62.000000, Average Unnormed loss: 5580.035696, Best Loss: 5569.588379, Best Loss at Epoch 371(345.69 s)
Epoch 374 - Average loss: 1.000000, Cumulative loss: 62.000000, Average Unnormed loss: 5553.360596, Best Loss: 5553.360596, Best Loss at Epoch 374(346.60 s)
Epoch 375 - Average loss: 1.000000, Cumulative loss: 62.000000, Average Unnormed loss: 5598.948120, Best Loss: 5553.360596, Best Loss at Epoch 374(347.51 s)
Epoch 376 - Average loss: 1.000000, Cumulative loss: 62.000000, Average Unnormed loss: 5583.772063, Best Loss: 5553.360596, Best Loss at Epoch 374(348.42 s)
Epoch 377 - Average loss: 1.000000, Cumulative loss: 62.000000, Average Unnormed loss: 5578.343388, Best Loss: 5553.360596, Best Loss at Epoch 374(349.32 s)
Epoch 378 - Average loss: 1.000000, Cumulative loss: 62.000000, Average Unnormed loss: 5547.894787, Best Loss: 5547.894787, Best Loss at Epoch 378(350.25 s)
Epoch 379 - Average loss: 1.000000, Cumulative loss: 62.000000, Average Unnormed loss: 5557.898319, Best Loss: 5547.894787, Best Loss at Epoch 378(351.19 s)
Epoch 380 - Average loss: 1.000000, Cumulative loss: 62.000000, Average Unnormed loss: 5547.354276, Best Loss: 5547.354276, Best Loss at Epoch 380(352.09 s)
Epoch 381 - Average loss: 1.000000, Cumulative loss: 62.000000, Average Unnormed loss: 5539.859863, Best Loss: 5539.859863, Best Loss at Epoch 381(353.01 s)
Epoch 382 - Average loss: 1.000000, Cumulative loss: 62.000000, Average Unnormed loss: 5561.538330, Best Loss: 5539.859863, Best Loss at Epoch 381(353.93 s)
Epoch 383 - Average loss: 1.000000, Cumulative loss: 62.000000, Average Unnormed loss: 5501.941048, Best Loss: 5501.941048, Best Loss at Epoch 383(354.84 s)
Epoch 384 - Average loss: 1.000000, Cumulative loss: 62.000000, Average Unnormed loss: 5526.793130, Best Loss: 5501.941048, Best Loss at Epoch 383(355.76 s)
Epoch 385 - Average loss: 1.000000, Cumulative loss: 62.000000, Average Unnormed loss: 5513.959032, Best Loss: 5501.941048, Best Loss at Epoch 383(356.67 s)
Epoch 386 - Average loss: 1.000000, Cumulative loss: 62.000000, Average Unnormed loss: 5528.632793, Best Loss: 5501.941048, Best Loss at Epoch 383(357.59 s)
Epoch 387 - Average loss: 1.000000, Cumulative loss: 62.000000, Average Unnormed loss: 5525.940544, Best Loss: 5501.941048, Best Loss at Epoch 383(358.50 s)
Epoch 388 - Average loss: 1.000000, Cumulative loss: 62.000000, Average Unnormed loss: 5526.255143, Best Loss: 5501.941048, Best Loss at Epoch 383(359.42 s)
Epoch 389 - Average loss: 1.000000, Cumulative loss: 62.000000, Average Unnormed loss: 5482.646012, Best Loss: 5482.646012, Best Loss at Epoch 389(360.33 s)
Epoch 390 - Average loss: 1.000000, Cumulative loss: 62.000000, Average Unnormed loss: 5478.677553, Best Loss: 5478.677553, Best Loss at Epoch 390(361.25 s)
Epoch 391 - Average loss: 1.000000, Cumulative loss: 62.000000, Average Unnormed loss: 5464.206563, Best Loss: 5464.206563, Best Loss at Epoch 391(362.23 s)
Epoch 392 - Average loss: 1.000000, Cumulative loss: 62.000000, Average Unnormed loss: 5468.839151, Best Loss: 5464.206563, Best Loss at Epoch 391(363.15 s)
Epoch 393 - Average loss: 1.000000, Cumulative loss: 62.000000, Average Unnormed loss: 5463.693233, Best Loss: 5463.693233, Best Loss at Epoch 393(364.05 s)
Epoch 394 - Average loss: 1.000000, Cumulative loss: 62.000000, Average Unnormed loss: 5474.596152, Best Loss: 5463.693233, Best Loss at Epoch 393(364.97 s)
Epoch 395 - Average loss: 1.000000, Cumulative loss: 62.000000, Average Unnormed loss: 5459.583764, Best Loss: 5459.583764, Best Loss at Epoch 395(365.89 s)
Epoch 396 - Average loss: 1.000000, Cumulative loss: 62.000000, Average Unnormed loss: 5478.806668, Best Loss: 5459.583764, Best Loss at Epoch 395(366.81 s)
Epoch 397 - Average loss: 1.000000, Cumulative loss: 62.000000, Average Unnormed loss: 5462.557420, Best Loss: 5459.583764, Best Loss at Epoch 395(367.72 s)
Epoch 398 - Average loss: 1.000000, Cumulative loss: 62.000000, Average Unnormed loss: 5453.450428, Best Loss: 5453.450428, Best Loss at Epoch 398(368.73 s)
Epoch 399 - Average loss: 1.000000, Cumulative loss: 62.000000, Average Unnormed loss: 5423.361494, Best Loss: 5423.361494, Best Loss at Epoch 399(369.66 s)
Epoch 400 - Average loss: 1.000000, Cumulative loss: 62.000000, Average Unnormed loss: 5393.662267, Best Loss: 5393.662267, Best Loss at Epoch 400(370.58 s)
Epoch 401 - Average loss: 1.000000, Cumulative loss: 62.000000, Average Unnormed loss: 5469.844065, Best Loss: 5393.662267, Best Loss at Epoch 400(371.51 s)
Epoch 402 - Average loss: 1.000000, Cumulative loss: 62.000000, Average Unnormed loss: 5418.213855, Best Loss: 5393.662267, Best Loss at Epoch 400(372.41 s)
Epoch 403 - Average loss: 1.000000, Cumulative loss: 62.000000, Average Unnormed loss: 5428.797174, Best Loss: 5393.662267, Best Loss at Epoch 400(373.32 s)
Epoch 404 - Average loss: 1.000000, Cumulative loss: 62.000000, Average Unnormed loss: 5424.039752, Best Loss: 5393.662267, Best Loss at Epoch 400(374.24 s)
Epoch 405 - Average loss: 1.000000, Cumulative loss: 62.000000, Average Unnormed loss: 5403.575967, Best Loss: 5393.662267, Best Loss at Epoch 400(375.15 s)
Epoch 406 - Average loss: 1.000000, Cumulative loss: 62.000000, Average Unnormed loss: 5397.540476, Best Loss: 5393.662267, Best Loss at Epoch 400(376.06 s)
Epoch 407 - Average loss: 1.000000, Cumulative loss: 62.000000, Average Unnormed loss: 5372.493448, Best Loss: 5372.493448, Best Loss at Epoch 407(376.96 s)
Epoch 408 - Average loss: 1.000000, Cumulative loss: 62.000000, Average Unnormed loss: 5388.327475, Best Loss: 5372.493448, Best Loss at Epoch 407(377.88 s)
Epoch 409 - Average loss: 1.000000, Cumulative loss: 62.000000, Average Unnormed loss: 5354.890515, Best Loss: 5354.890515, Best Loss at Epoch 409(378.79 s)
Epoch 410 - Average loss: 1.000000, Cumulative loss: 62.000000, Average Unnormed loss: 5394.279128, Best Loss: 5354.890515, Best Loss at Epoch 409(379.72 s)
Epoch 411 - Average loss: 1.000000, Cumulative loss: 62.000000, Average Unnormed loss: 5408.793032, Best Loss: 5354.890515, Best Loss at Epoch 409(380.74 s)
Epoch 412 - Average loss: 1.000000, Cumulative loss: 62.000000, Average Unnormed loss: 5371.406829, Best Loss: 5354.890515, Best Loss at Epoch 409(381.65 s)
Epoch 413 - Average loss: 1.000000, Cumulative loss: 62.000000, Average Unnormed loss: 5350.349290, Best Loss: 5350.349290, Best Loss at Epoch 413(382.57 s)
Epoch 414 - Average loss: 1.000000, Cumulative loss: 62.000000, Average Unnormed loss: 5376.262101, Best Loss: 5350.349290, Best Loss at Epoch 413(383.48 s)
Epoch 415 - Average loss: 1.000000, Cumulative loss: 62.000000, Average Unnormed loss: 5336.742038, Best Loss: 5336.742038, Best Loss at Epoch 415(384.39 s)
Epoch 416 - Average loss: 1.000000, Cumulative loss: 62.000000, Average Unnormed loss: 5362.522930, Best Loss: 5336.742038, Best Loss at Epoch 415(385.31 s)
Epoch 417 - Average loss: 1.000000, Cumulative loss: 62.000000, Average Unnormed loss: 5337.658995, Best Loss: 5336.742038, Best Loss at Epoch 415(386.22 s)
Epoch 418 - Average loss: 1.000000, Cumulative loss: 62.000000, Average Unnormed loss: 5340.505442, Best Loss: 5336.742038, Best Loss at Epoch 415(387.13 s)
Epoch 419 - Average loss: 1.000000, Cumulative loss: 62.000000, Average Unnormed loss: 5350.344534, Best Loss: 5336.742038, Best Loss at Epoch 415(388.03 s)
Epoch 420 - Average loss: 1.000000, Cumulative loss: 62.000000, Average Unnormed loss: 5341.344313, Best Loss: 5336.742038, Best Loss at Epoch 415(388.94 s)
Epoch 421 - Average loss: 1.000000, Cumulative loss: 62.000000, Average Unnormed loss: 5343.440264, Best Loss: 5336.742038, Best Loss at Epoch 415(389.86 s)
Epoch 422 - Average loss: 1.000000, Cumulative loss: 62.000000, Average Unnormed loss: 5310.457539, Best Loss: 5310.457539, Best Loss at Epoch 422(390.77 s)
Epoch 423 - Average loss: 1.000000, Cumulative loss: 62.000000, Average Unnormed loss: 5330.785215, Best Loss: 5310.457539, Best Loss at Epoch 422(391.76 s)
Epoch 424 - Average loss: 1.000000, Cumulative loss: 62.000000, Average Unnormed loss: 5332.743109, Best Loss: 5310.457539, Best Loss at Epoch 422(392.66 s)
Epoch 425 - Average loss: 1.000000, Cumulative loss: 62.000000, Average Unnormed loss: 5293.120999, Best Loss: 5293.120999, Best Loss at Epoch 425(393.60 s)
Epoch 426 - Average loss: 1.000000, Cumulative loss: 62.000000, Average Unnormed loss: 5318.193706, Best Loss: 5293.120999, Best Loss at Epoch 425(394.52 s)
Epoch 427 - Average loss: 1.000000, Cumulative loss: 62.000000, Average Unnormed loss: 5273.171887, Best Loss: 5273.171887, Best Loss at Epoch 427(395.44 s)
Epoch 428 - Average loss: 1.000000, Cumulative loss: 62.000000, Average Unnormed loss: 5306.861100, Best Loss: 5273.171887, Best Loss at Epoch 427(396.36 s)
Epoch 429 - Average loss: 1.000000, Cumulative loss: 62.000000, Average Unnormed loss: 5264.166441, Best Loss: 5264.166441, Best Loss at Epoch 429(397.35 s)
Epoch 430 - Average loss: 1.000000, Cumulative loss: 62.000000, Average Unnormed loss: 5270.868893, Best Loss: 5264.166441, Best Loss at Epoch 429(398.29 s)
Epoch 431 - Average loss: 1.000000, Cumulative loss: 62.000000, Average Unnormed loss: 5258.472715, Best Loss: 5258.472715, Best Loss at Epoch 431(399.25 s)
Epoch 432 - Average loss: 1.000000, Cumulative loss: 62.000000, Average Unnormed loss: 5237.476196, Best Loss: 5237.476196, Best Loss at Epoch 432(400.21 s)
Epoch 433 - Average loss: 1.000000, Cumulative loss: 62.000000, Average Unnormed loss: 5277.558543, Best Loss: 5237.476196, Best Loss at Epoch 432(401.17 s)
Epoch 434 - Average loss: 1.000000, Cumulative loss: 62.000000, Average Unnormed loss: 5240.633978, Best Loss: 5237.476196, Best Loss at Epoch 432(402.13 s)
Epoch 435 - Average loss: 1.000000, Cumulative loss: 62.000000, Average Unnormed loss: 5278.074400, Best Loss: 5237.476196, Best Loss at Epoch 432(403.08 s)
Epoch 436 - Average loss: 1.000000, Cumulative loss: 62.000000, Average Unnormed loss: 5261.338757, Best Loss: 5237.476196, Best Loss at Epoch 432(404.05 s)
Epoch 437 - Average loss: 1.000000, Cumulative loss: 62.000000, Average Unnormed loss: 5264.206429, Best Loss: 5237.476196, Best Loss at Epoch 432(405.00 s)
Epoch 438 - Average loss: 1.000000, Cumulative loss: 62.000000, Average Unnormed loss: 5275.088332, Best Loss: 5237.476196, Best Loss at Epoch 432(405.95 s)
Epoch 439 - Average loss: 1.000000, Cumulative loss: 62.000000, Average Unnormed loss: 5256.405703, Best Loss: 5237.476196, Best Loss at Epoch 432(406.90 s)
Epoch 440 - Average loss: 1.000000, Cumulative loss: 62.000000, Average Unnormed loss: 5269.488092, Best Loss: 5237.476196, Best Loss at Epoch 432(407.85 s)
Epoch 441 - Average loss: 1.000000, Cumulative loss: 62.000000, Average Unnormed loss: 5233.975787, Best Loss: 5233.975787, Best Loss at Epoch 441(408.80 s)
Epoch 442 - Average loss: 1.000000, Cumulative loss: 62.000000, Average Unnormed loss: 5221.726830, Best Loss: 5221.726830, Best Loss at Epoch 442(409.77 s)
Epoch 443 - Average loss: 1.000000, Cumulative loss: 62.000000, Average Unnormed loss: 5250.080326, Best Loss: 5221.726830, Best Loss at Epoch 442(410.74 s)
Epoch 444 - Average loss: 1.000000, Cumulative loss: 62.000000, Average Unnormed loss: 5221.784818, Best Loss: 5221.726830, Best Loss at Epoch 442(411.70 s)
Epoch 445 - Average loss: 1.000000, Cumulative loss: 62.000000, Average Unnormed loss: 5206.184452, Best Loss: 5206.184452, Best Loss at Epoch 445(412.66 s)
Epoch 446 - Average loss: 1.000000, Cumulative loss: 62.000000, Average Unnormed loss: 5154.814288, Best Loss: 5154.814288, Best Loss at Epoch 446(413.63 s)
Epoch 447 - Average loss: 1.000000, Cumulative loss: 62.000000, Average Unnormed loss: 5203.237639, Best Loss: 5154.814288, Best Loss at Epoch 446(414.60 s)
Epoch 448 - Average loss: 1.000000, Cumulative loss: 62.000000, Average Unnormed loss: 5200.133876, Best Loss: 5154.814288, Best Loss at Epoch 446(415.55 s)
Epoch 449 - Average loss: 1.000000, Cumulative loss: 62.000000, Average Unnormed loss: 5206.051951, Best Loss: 5154.814288, Best Loss at Epoch 446(416.54 s)
Epoch 450 - Average loss: 1.000000, Cumulative loss: 62.000000, Average Unnormed loss: 5194.688618, Best Loss: 5154.814288, Best Loss at Epoch 446(417.46 s)
Epoch 451 - Average loss: 1.000000, Cumulative loss: 62.000000, Average Unnormed loss: 5210.328909, Best Loss: 5154.814288, Best Loss at Epoch 446(418.39 s)
Epoch 452 - Average loss: 1.000000, Cumulative loss: 62.000000, Average Unnormed loss: 5152.332878, Best Loss: 5152.332878, Best Loss at Epoch 452(419.33 s)
Epoch 453 - Average loss: 1.000000, Cumulative loss: 62.000000, Average Unnormed loss: 5161.908168, Best Loss: 5152.332878, Best Loss at Epoch 452(420.29 s)
Epoch 454 - Average loss: 1.000000, Cumulative loss: 62.000000, Average Unnormed loss: 5184.646441, Best Loss: 5152.332878, Best Loss at Epoch 452(421.23 s)
Epoch 455 - Average loss: 1.000000, Cumulative loss: 62.000000, Average Unnormed loss: 5144.636766, Best Loss: 5144.636766, Best Loss at Epoch 455(422.18 s)
Epoch 456 - Average loss: 1.000000, Cumulative loss: 62.000000, Average Unnormed loss: 5177.329578, Best Loss: 5144.636766, Best Loss at Epoch 455(423.14 s)
Epoch 457 - Average loss: 1.000000, Cumulative loss: 62.000000, Average Unnormed loss: 5149.232422, Best Loss: 5144.636766, Best Loss at Epoch 455(424.09 s)
Epoch 458 - Average loss: 1.000000, Cumulative loss: 62.000000, Average Unnormed loss: 5153.890893, Best Loss: 5144.636766, Best Loss at Epoch 455(425.04 s)
Epoch 459 - Average loss: 1.000000, Cumulative loss: 62.000000, Average Unnormed loss: 5152.042937, Best Loss: 5144.636766, Best Loss at Epoch 455(425.98 s)
Epoch 460 - Average loss: 1.000000, Cumulative loss: 62.000000, Average Unnormed loss: 5131.275233, Best Loss: 5131.275233, Best Loss at Epoch 460(426.96 s)
Epoch 461 - Average loss: 1.000000, Cumulative loss: 62.000000, Average Unnormed loss: 5149.158554, Best Loss: 5131.275233, Best Loss at Epoch 460(427.92 s)
Epoch 462 - Average loss: 1.000000, Cumulative loss: 62.000000, Average Unnormed loss: 5164.886825, Best Loss: 5131.275233, Best Loss at Epoch 460(428.84 s)
Epoch 463 - Average loss: 1.000000, Cumulative loss: 62.000000, Average Unnormed loss: 5154.073821, Best Loss: 5131.275233, Best Loss at Epoch 460(429.75 s)
Epoch 464 - Average loss: 1.000000, Cumulative loss: 62.000000, Average Unnormed loss: 5141.468277, Best Loss: 5131.275233, Best Loss at Epoch 460(430.66 s)
Epoch 465 - Average loss: 1.000000, Cumulative loss: 62.000000, Average Unnormed loss: 5140.849326, Best Loss: 5131.275233, Best Loss at Epoch 460(431.58 s)
Epoch 466 - Average loss: 1.000000, Cumulative loss: 62.000000, Average Unnormed loss: 5120.948581, Best Loss: 5120.948581, Best Loss at Epoch 466(432.48 s)
Epoch 467 - Average loss: 1.000000, Cumulative loss: 62.000000, Average Unnormed loss: 5121.094301, Best Loss: 5120.948581, Best Loss at Epoch 466(433.49 s)
Epoch 468 - Average loss: 1.000000, Cumulative loss: 62.000000, Average Unnormed loss: 5124.026166, Best Loss: 5120.948581, Best Loss at Epoch 466(434.40 s)
Epoch 469 - Average loss: 1.000000, Cumulative loss: 62.000000, Average Unnormed loss: 5126.736324, Best Loss: 5120.948581, Best Loss at Epoch 466(435.31 s)
Epoch 470 - Average loss: 1.000000, Cumulative loss: 62.000000, Average Unnormed loss: 5113.722593, Best Loss: 5113.722593, Best Loss at Epoch 470(436.22 s)
Epoch 471 - Average loss: 1.000000, Cumulative loss: 62.000000, Average Unnormed loss: 5117.691595, Best Loss: 5113.722593, Best Loss at Epoch 470(437.14 s)
Epoch 472 - Average loss: 1.000000, Cumulative loss: 62.000000, Average Unnormed loss: 5107.311031, Best Loss: 5107.311031, Best Loss at Epoch 472(438.05 s)
Epoch 473 - Average loss: 1.000000, Cumulative loss: 62.000000, Average Unnormed loss: 5074.273280, Best Loss: 5074.273280, Best Loss at Epoch 473(438.98 s)
Epoch 474 - Average loss: 1.000000, Cumulative loss: 62.000000, Average Unnormed loss: 5093.115927, Best Loss: 5074.273280, Best Loss at Epoch 473(439.89 s)
Epoch 475 - Average loss: 1.000000, Cumulative loss: 62.000000, Average Unnormed loss: 5104.765121, Best Loss: 5074.273280, Best Loss at Epoch 473(440.80 s)
Epoch 476 - Average loss: 1.000000, Cumulative loss: 62.000000, Average Unnormed loss: 5088.017562, Best Loss: 5074.273280, Best Loss at Epoch 473(441.70 s)
Epoch 477 - Average loss: 1.000000, Cumulative loss: 62.000000, Average Unnormed loss: 5095.693302, Best Loss: 5074.273280, Best Loss at Epoch 473(442.62 s)
Epoch 478 - Average loss: 1.000000, Cumulative loss: 62.000000, Average Unnormed loss: 5089.615876, Best Loss: 5074.273280, Best Loss at Epoch 473(443.57 s)
Epoch 479 - Average loss: 1.000000, Cumulative loss: 62.000000, Average Unnormed loss: 5066.856118, Best Loss: 5066.856118, Best Loss at Epoch 479(444.52 s)
Epoch 480 - Average loss: 1.000000, Cumulative loss: 62.000000, Average Unnormed loss: 5069.610525, Best Loss: 5066.856118, Best Loss at Epoch 479(445.50 s)
Epoch 481 - Average loss: 1.000000, Cumulative loss: 62.000000, Average Unnormed loss: 5070.309023, Best Loss: 5066.856118, Best Loss at Epoch 479(446.45 s)
Epoch 482 - Average loss: 1.000000, Cumulative loss: 62.000000, Average Unnormed loss: 5057.388128, Best Loss: 5057.388128, Best Loss at Epoch 482(447.39 s)
Epoch 483 - Average loss: 1.000000, Cumulative loss: 62.000000, Average Unnormed loss: 5087.889798, Best Loss: 5057.388128, Best Loss at Epoch 482(448.39 s)
Epoch 484 - Average loss: 1.000000, Cumulative loss: 62.000000, Average Unnormed loss: 5039.966391, Best Loss: 5039.966391, Best Loss at Epoch 484(449.36 s)
Epoch 485 - Average loss: 1.000000, Cumulative loss: 62.000000, Average Unnormed loss: 5027.993463, Best Loss: 5027.993463, Best Loss at Epoch 485(450.32 s)
Epoch 486 - Average loss: 1.000000, Cumulative loss: 62.000000, Average Unnormed loss: 5048.048332, Best Loss: 5027.993463, Best Loss at Epoch 485(451.28 s)
Epoch 487 - Average loss: 1.000000, Cumulative loss: 62.000000, Average Unnormed loss: 5016.386668, Best Loss: 5016.386668, Best Loss at Epoch 487(452.23 s)
Epoch 488 - Average loss: 1.000000, Cumulative loss: 62.000000, Average Unnormed loss: 5043.894582, Best Loss: 5016.386668, Best Loss at Epoch 487(453.18 s)
Epoch 489 - Average loss: 1.000000, Cumulative loss: 62.000000, Average Unnormed loss: 5036.168504, Best Loss: 5016.386668, Best Loss at Epoch 487(454.11 s)
Epoch 490 - Average loss: 1.000000, Cumulative loss: 62.000000, Average Unnormed loss: 5035.030120, Best Loss: 5016.386668, Best Loss at Epoch 487(455.04 s)
Epoch 491 - Average loss: 1.000000, Cumulative loss: 62.000000, Average Unnormed loss: 5038.637613, Best Loss: 5016.386668, Best Loss at Epoch 487(455.97 s)
Epoch 492 - Average loss: 1.000000, Cumulative loss: 62.000000, Average Unnormed loss: 4982.672867, Best Loss: 4982.672867, Best Loss at Epoch 492(456.91 s)
Epoch 493 - Average loss: 1.000000, Cumulative loss: 62.000000, Average Unnormed loss: 5023.761179, Best Loss: 4982.672867, Best Loss at Epoch 492(457.86 s)
Epoch 494 - Average loss: 1.000000, Cumulative loss: 62.000000, Average Unnormed loss: 5025.946061, Best Loss: 4982.672867, Best Loss at Epoch 492(458.81 s)
Epoch 495 - Average loss: 1.000000, Cumulative loss: 62.000000, Average Unnormed loss: 5017.492211, Best Loss: 4982.672867, Best Loss at Epoch 492(459.76 s)
Epoch 496 - Average loss: 1.000000, Cumulative loss: 62.000000, Average Unnormed loss: 5001.854154, Best Loss: 4982.672867, Best Loss at Epoch 492(460.71 s)
Epoch 497 - Average loss: 1.000000, Cumulative loss: 62.000000, Average Unnormed loss: 5008.133844, Best Loss: 4982.672867, Best Loss at Epoch 492(461.65 s)
Epoch 498 - Average loss: 1.000000, Cumulative loss: 62.000000, Average Unnormed loss: 4987.955125, Best Loss: 4982.672867, Best Loss at Epoch 492(462.66 s)
Epoch 499 - Average loss: 1.000000, Cumulative loss: 62.000000, Average Unnormed loss: 4966.446939, Best Loss: 4966.446939, Best Loss at Epoch 499(463.65 s)
Epoch 500 - Average loss: 1.000000, Cumulative loss: 62.000000, Average Unnormed loss: 4992.504560, Best Loss: 4966.446939, Best Loss at Epoch 499(464.64 s)
Epoch 501 - Average loss: 1.000000, Cumulative loss: 62.000000, Average Unnormed loss: 4990.961442, Best Loss: 4966.446939, Best Loss at Epoch 499(465.65 s)
Epoch 502 - Average loss: 1.000000, Cumulative loss: 62.000000, Average Unnormed loss: 4979.155903, Best Loss: 4966.446939, Best Loss at Epoch 499(466.63 s)
Epoch 503 - Average loss: 1.000000, Cumulative loss: 62.000000, Average Unnormed loss: 4980.740014, Best Loss: 4966.446939, Best Loss at Epoch 499(467.63 s)
Epoch 504 - Average loss: 1.000000, Cumulative loss: 62.000000, Average Unnormed loss: 4978.046497, Best Loss: 4966.446939, Best Loss at Epoch 499(468.62 s)
Epoch 505 - Average loss: 1.000000, Cumulative loss: 62.000000, Average Unnormed loss: 4973.816784, Best Loss: 4966.446939, Best Loss at Epoch 499(469.63 s)
Epoch 506 - Average loss: 1.000000, Cumulative loss: 62.000000, Average Unnormed loss: 4965.600610, Best Loss: 4965.600610, Best Loss at Epoch 506(470.63 s)
Epoch 507 - Average loss: 1.000000, Cumulative loss: 62.000000, Average Unnormed loss: 4962.658514, Best Loss: 4962.658514, Best Loss at Epoch 507(471.64 s)
Epoch 508 - Average loss: 1.000000, Cumulative loss: 62.000000, Average Unnormed loss: 4971.057940, Best Loss: 4962.658514, Best Loss at Epoch 507(472.60 s)
Epoch 509 - Average loss: 1.000000, Cumulative loss: 62.000000, Average Unnormed loss: 4936.382513, Best Loss: 4936.382513, Best Loss at Epoch 509(473.54 s)
Epoch 510 - Average loss: 1.000000, Cumulative loss: 62.000000, Average Unnormed loss: 4928.479358, Best Loss: 4928.479358, Best Loss at Epoch 510(474.49 s)
Epoch 511 - Average loss: 1.000000, Cumulative loss: 62.000000, Average Unnormed loss: 4909.078625, Best Loss: 4909.078625, Best Loss at Epoch 511(475.44 s)
Epoch 512 - Average loss: 1.000000, Cumulative loss: 62.000000, Average Unnormed loss: 4956.666181, Best Loss: 4909.078625, Best Loss at Epoch 511(476.40 s)
Epoch 513 - Average loss: 1.000000, Cumulative loss: 62.000000, Average Unnormed loss: 4941.967443, Best Loss: 4909.078625, Best Loss at Epoch 511(477.34 s)
Epoch 514 - Average loss: 1.000000, Cumulative loss: 62.000000, Average Unnormed loss: 4940.556471, Best Loss: 4909.078625, Best Loss at Epoch 511(478.29 s)
Epoch 515 - Average loss: 1.000000, Cumulative loss: 62.000000, Average Unnormed loss: 4947.714312, Best Loss: 4909.078625, Best Loss at Epoch 511(479.21 s)
Epoch 516 - Average loss: 1.000000, Cumulative loss: 62.000000, Average Unnormed loss: 4944.370082, Best Loss: 4909.078625, Best Loss at Epoch 511(480.12 s)
Epoch 517 - Average loss: 1.000000, Cumulative loss: 62.000000, Average Unnormed loss: 4913.356036, Best Loss: 4909.078625, Best Loss at Epoch 511(481.03 s)
Epoch 518 - Average loss: 1.000000, Cumulative loss: 62.000000, Average Unnormed loss: 4927.506348, Best Loss: 4909.078625, Best Loss at Epoch 511(482.02 s)
Epoch 519 - Average loss: 1.000000, Cumulative loss: 62.000000, Average Unnormed loss: 4925.593612, Best Loss: 4909.078625, Best Loss at Epoch 511(482.94 s)
Epoch 520 - Average loss: 1.000000, Cumulative loss: 62.000000, Average Unnormed loss: 4904.800647, Best Loss: 4904.800647, Best Loss at Epoch 520(483.86 s)
Epoch 521 - Average loss: 1.000000, Cumulative loss: 62.000000, Average Unnormed loss: 4927.248870, Best Loss: 4904.800647, Best Loss at Epoch 520(484.80 s)
Epoch 522 - Average loss: 1.000000, Cumulative loss: 62.000000, Average Unnormed loss: 4928.589383, Best Loss: 4904.800647, Best Loss at Epoch 520(485.77 s)
Epoch 523 - Average loss: 1.000000, Cumulative loss: 62.000000, Average Unnormed loss: 4894.646142, Best Loss: 4894.646142, Best Loss at Epoch 523(486.73 s)
Epoch 524 - Average loss: 1.000000, Cumulative loss: 62.000000, Average Unnormed loss: 4887.724936, Best Loss: 4887.724936, Best Loss at Epoch 524(487.71 s)
Epoch 525 - Average loss: 1.000000, Cumulative loss: 62.000000, Average Unnormed loss: 4905.027482, Best Loss: 4887.724936, Best Loss at Epoch 524(488.68 s)
Epoch 526 - Average loss: 1.000000, Cumulative loss: 62.000000, Average Unnormed loss: 4913.084067, Best Loss: 4887.724936, Best Loss at Epoch 524(489.59 s)
Epoch 527 - Average loss: 1.000000, Cumulative loss: 62.000000, Average Unnormed loss: 4906.102157, Best Loss: 4887.724936, Best Loss at Epoch 524(490.51 s)
Epoch 528 - Average loss: 1.000000, Cumulative loss: 62.000000, Average Unnormed loss: 4915.476102, Best Loss: 4887.724936, Best Loss at Epoch 524(491.42 s)
Epoch 529 - Average loss: 1.000000, Cumulative loss: 62.000000, Average Unnormed loss: 4903.983761, Best Loss: 4887.724936, Best Loss at Epoch 524(492.39 s)
Epoch 530 - Average loss: 1.000000, Cumulative loss: 62.000000, Average Unnormed loss: 4888.779387, Best Loss: 4887.724936, Best Loss at Epoch 524(493.30 s)
Epoch 531 - Average loss: 1.000000, Cumulative loss: 62.000000, Average Unnormed loss: 4881.856693, Best Loss: 4881.856693, Best Loss at Epoch 531(494.23 s)
Epoch 532 - Average loss: 1.000000, Cumulative loss: 62.000000, Average Unnormed loss: 4894.022575, Best Loss: 4881.856693, Best Loss at Epoch 531(495.18 s)
slurmstepd: error: *** JOB 13517 ON compute-0-19 CANCELLED AT 2019-08-16T09:19:21 ***
