{ 'action': 'train',
  'backprop_pcm': False,
  'config_folder': 'train2',
  'config_num': 801,
  'correlation_loss': False,
  'dataset': 'drum',
  'decoder': 'transformer',
  'device': device(type='cuda'),
  'loss_normalization': 'scalar_norm',
  'mask_activation': 'sigmoid',
  'model_lr': 0.0001,
  'n_decoder_layers': 4,
  'n_heads': 2,
  'n_hidden_units': 100,
  'n_latents': 200,
  'n_test_epochs': 20000,
  'n_train_epochs': 40000,
  'test_batch_size': 3,
  'test_latents_Adam_lr': 0.001,
  'test_latents_init': 'normal',
  'train_batch_size': 32,
  'train_latents_Adam_lr': 0.001,
  'train_latents_init': 'normal'}
making Transformer Decoder
/home/xiaoyam/anaconda3/lib/python3.7/site-packages/torch/nn/functional.py:1350: UserWarning: nn.functional.sigmoid is deprecated. Use torch.sigmoid instead.
  warnings.warn("nn.functional.sigmoid is deprecated. Use torch.sigmoid instead.")
Epoch 1 - Average loss: 1.000000, Cumulative loss: 62.000000, Average Unnormed loss: 37678.021610, Best Loss: 37678.021610, Best Loss at Epoch 1(5.06 s)
Epoch 2 - Average loss: 1.000000, Cumulative loss: 62.000000, Average Unnormed loss: 37791.108178, Best Loss: 37678.021610, Best Loss at Epoch 1(9.77 s)
Epoch 3 - Average loss: 1.000000, Cumulative loss: 62.000000, Average Unnormed loss: 37733.326802, Best Loss: 37678.021610, Best Loss at Epoch 1(14.41 s)
Epoch 4 - Average loss: 1.000000, Cumulative loss: 62.000000, Average Unnormed loss: 37784.244172, Best Loss: 37678.021610, Best Loss at Epoch 1(19.06 s)
Epoch 5 - Average loss: 1.000000, Cumulative loss: 62.000000, Average Unnormed loss: 37761.406880, Best Loss: 37678.021610, Best Loss at Epoch 1(23.71 s)
Epoch 6 - Average loss: 1.000000, Cumulative loss: 62.000000, Average Unnormed loss: 37601.375662, Best Loss: 37601.375662, Best Loss at Epoch 6(28.38 s)
Epoch 7 - Average loss: 1.000000, Cumulative loss: 62.000000, Average Unnormed loss: 37454.343372, Best Loss: 37454.343372, Best Loss at Epoch 7(33.11 s)
Epoch 8 - Average loss: 1.000000, Cumulative loss: 62.000000, Average Unnormed loss: 37534.627552, Best Loss: 37454.343372, Best Loss at Epoch 7(37.86 s)
Epoch 9 - Average loss: 1.000000, Cumulative loss: 62.000000, Average Unnormed loss: 37481.471774, Best Loss: 37454.343372, Best Loss at Epoch 7(42.54 s)
Epoch 10 - Average loss: 1.000000, Cumulative loss: 62.000000, Average Unnormed loss: 37551.807271, Best Loss: 37454.343372, Best Loss at Epoch 7(47.21 s)
Epoch 11 - Average loss: 1.000000, Cumulative loss: 62.000000, Average Unnormed loss: 37333.019153, Best Loss: 37333.019153, Best Loss at Epoch 11(51.90 s)
Epoch 12 - Average loss: 1.000000, Cumulative loss: 62.000000, Average Unnormed loss: 37416.259482, Best Loss: 37333.019153, Best Loss at Epoch 11(56.66 s)
Epoch 13 - Average loss: 1.000000, Cumulative loss: 62.000000, Average Unnormed loss: 37352.961694, Best Loss: 37333.019153, Best Loss at Epoch 11(61.35 s)
Epoch 14 - Average loss: 1.000000, Cumulative loss: 62.000000, Average Unnormed loss: 37068.090285, Best Loss: 37068.090285, Best Loss at Epoch 14(66.05 s)
Epoch 15 - Average loss: 1.000000, Cumulative loss: 62.000000, Average Unnormed loss: 37292.042559, Best Loss: 37068.090285, Best Loss at Epoch 14(70.82 s)
Epoch 16 - Average loss: 1.000000, Cumulative loss: 62.000000, Average Unnormed loss: 37161.051632, Best Loss: 37068.090285, Best Loss at Epoch 14(75.52 s)
Epoch 17 - Average loss: 1.000000, Cumulative loss: 62.000000, Average Unnormed loss: 37014.764333, Best Loss: 37014.764333, Best Loss at Epoch 17(80.24 s)
Epoch 18 - Average loss: 1.000000, Cumulative loss: 62.000000, Average Unnormed loss: 37208.911700, Best Loss: 37014.764333, Best Loss at Epoch 17(85.02 s)
Epoch 19 - Average loss: 1.000000, Cumulative loss: 62.000000, Average Unnormed loss: 37189.111549, Best Loss: 37014.764333, Best Loss at Epoch 17(89.74 s)
Epoch 20 - Average loss: 1.000000, Cumulative loss: 62.000000, Average Unnormed loss: 36934.730469, Best Loss: 36934.730469, Best Loss at Epoch 20(94.45 s)
Epoch 21 - Average loss: 1.000000, Cumulative loss: 62.000000, Average Unnormed loss: 37083.038180, Best Loss: 36934.730469, Best Loss at Epoch 20(99.24 s)
Epoch 22 - Average loss: 1.000000, Cumulative loss: 62.000000, Average Unnormed loss: 37039.400832, Best Loss: 36934.730469, Best Loss at Epoch 20(103.96 s)
Epoch 23 - Average loss: 1.000000, Cumulative loss: 62.000000, Average Unnormed loss: 37026.548450, Best Loss: 36934.730469, Best Loss at Epoch 20(108.69 s)
Epoch 24 - Average loss: 1.000000, Cumulative loss: 62.000000, Average Unnormed loss: 36861.883222, Best Loss: 36861.883222, Best Loss at Epoch 24(113.50 s)
Epoch 25 - Average loss: 1.000000, Cumulative loss: 62.000000, Average Unnormed loss: 36930.412015, Best Loss: 36861.883222, Best Loss at Epoch 24(118.38 s)
Epoch 26 - Average loss: 1.000000, Cumulative loss: 62.000000, Average Unnormed loss: 36900.127363, Best Loss: 36861.883222, Best Loss at Epoch 24(123.20 s)
Epoch 27 - Average loss: 1.000000, Cumulative loss: 62.000000, Average Unnormed loss: 36825.993857, Best Loss: 36825.993857, Best Loss at Epoch 27(128.01 s)
Epoch 28 - Average loss: 1.000000, Cumulative loss: 62.000000, Average Unnormed loss: 36763.165134, Best Loss: 36763.165134, Best Loss at Epoch 28(132.87 s)
Epoch 29 - Average loss: 1.000000, Cumulative loss: 62.000000, Average Unnormed loss: 36729.681578, Best Loss: 36729.681578, Best Loss at Epoch 29(137.77 s)
Epoch 30 - Average loss: 1.000000, Cumulative loss: 62.000000, Average Unnormed loss: 36596.501323, Best Loss: 36596.501323, Best Loss at Epoch 30(142.72 s)
Epoch 31 - Average loss: 1.000000, Cumulative loss: 62.000000, Average Unnormed loss: 36609.414630, Best Loss: 36596.501323, Best Loss at Epoch 30(147.63 s)
Epoch 32 - Average loss: 1.000000, Cumulative loss: 62.000000, Average Unnormed loss: 36640.515373, Best Loss: 36596.501323, Best Loss at Epoch 30(152.48 s)
Epoch 33 - Average loss: 1.000000, Cumulative loss: 62.000000, Average Unnormed loss: 36563.385679, Best Loss: 36563.385679, Best Loss at Epoch 33(157.33 s)
Epoch 34 - Average loss: 1.000000, Cumulative loss: 62.000000, Average Unnormed loss: 36663.795331, Best Loss: 36563.385679, Best Loss at Epoch 33(162.24 s)
Epoch 35 - Average loss: 1.000000, Cumulative loss: 62.000000, Average Unnormed loss: 36538.159432, Best Loss: 36538.159432, Best Loss at Epoch 35(167.09 s)
Epoch 36 - Average loss: 1.000000, Cumulative loss: 62.000000, Average Unnormed loss: 36462.726626, Best Loss: 36462.726626, Best Loss at Epoch 36(171.98 s)
Epoch 37 - Average loss: 1.000000, Cumulative loss: 62.000000, Average Unnormed loss: 36348.555255, Best Loss: 36348.555255, Best Loss at Epoch 37(176.89 s)
Epoch 38 - Average loss: 1.000000, Cumulative loss: 62.000000, Average Unnormed loss: 36333.123204, Best Loss: 36333.123204, Best Loss at Epoch 38(181.82 s)
Epoch 39 - Average loss: 1.000000, Cumulative loss: 62.000000, Average Unnormed loss: 36321.697581, Best Loss: 36321.697581, Best Loss at Epoch 39(186.74 s)
Epoch 40 - Average loss: 1.000000, Cumulative loss: 62.000000, Average Unnormed loss: 36357.273122, Best Loss: 36321.697581, Best Loss at Epoch 39(191.66 s)
Epoch 41 - Average loss: 1.000000, Cumulative loss: 62.000000, Average Unnormed loss: 36187.076455, Best Loss: 36187.076455, Best Loss at Epoch 41(196.63 s)
Epoch 42 - Average loss: 1.000000, Cumulative loss: 62.000000, Average Unnormed loss: 36398.760270, Best Loss: 36187.076455, Best Loss at Epoch 41(201.64 s)
Epoch 43 - Average loss: 1.000000, Cumulative loss: 62.000000, Average Unnormed loss: 36255.153761, Best Loss: 36187.076455, Best Loss at Epoch 41(206.54 s)
Epoch 44 - Average loss: 1.000000, Cumulative loss: 62.000000, Average Unnormed loss: 36171.364699, Best Loss: 36171.364699, Best Loss at Epoch 44(211.41 s)
Epoch 45 - Average loss: 1.000000, Cumulative loss: 62.000000, Average Unnormed loss: 36086.974074, Best Loss: 36086.974074, Best Loss at Epoch 45(216.35 s)
Epoch 46 - Average loss: 1.000000, Cumulative loss: 62.000000, Average Unnormed loss: 36142.120212, Best Loss: 36086.974074, Best Loss at Epoch 45(221.29 s)
Epoch 47 - Average loss: 1.000000, Cumulative loss: 62.000000, Average Unnormed loss: 36046.899761, Best Loss: 36046.899761, Best Loss at Epoch 47(226.17 s)
Epoch 48 - Average loss: 1.000000, Cumulative loss: 62.000000, Average Unnormed loss: 35963.217553, Best Loss: 35963.217553, Best Loss at Epoch 48(231.11 s)
Epoch 49 - Average loss: 1.000000, Cumulative loss: 62.000000, Average Unnormed loss: 36036.025769, Best Loss: 35963.217553, Best Loss at Epoch 48(236.07 s)
Epoch 50 - Average loss: 1.000000, Cumulative loss: 62.000000, Average Unnormed loss: 35964.386971, Best Loss: 35963.217553, Best Loss at Epoch 48(241.00 s)
Epoch 51 - Average loss: 1.000000, Cumulative loss: 62.000000, Average Unnormed loss: 35767.139774, Best Loss: 35767.139774, Best Loss at Epoch 51(245.90 s)
Epoch 52 - Average loss: 1.000000, Cumulative loss: 62.000000, Average Unnormed loss: 35846.710654, Best Loss: 35767.139774, Best Loss at Epoch 51(250.85 s)
Epoch 53 - Average loss: 1.000000, Cumulative loss: 62.000000, Average Unnormed loss: 35784.794733, Best Loss: 35767.139774, Best Loss at Epoch 51(255.73 s)
Epoch 54 - Average loss: 1.000000, Cumulative loss: 62.000000, Average Unnormed loss: 35728.113596, Best Loss: 35728.113596, Best Loss at Epoch 54(260.60 s)
Epoch 55 - Average loss: 1.000000, Cumulative loss: 62.000000, Average Unnormed loss: 35739.209614, Best Loss: 35728.113596, Best Loss at Epoch 54(265.54 s)
Epoch 56 - Average loss: 1.000000, Cumulative loss: 62.000000, Average Unnormed loss: 35632.066060, Best Loss: 35632.066060, Best Loss at Epoch 56(270.56 s)
Epoch 57 - Average loss: 1.000000, Cumulative loss: 62.000000, Average Unnormed loss: 35747.115518, Best Loss: 35632.066060, Best Loss at Epoch 56(275.55 s)
Epoch 58 - Average loss: 1.000000, Cumulative loss: 62.000000, Average Unnormed loss: 35659.428963, Best Loss: 35632.066060, Best Loss at Epoch 56(280.48 s)
Epoch 59 - Average loss: 1.000000, Cumulative loss: 62.000000, Average Unnormed loss: 35564.462891, Best Loss: 35564.462891, Best Loss at Epoch 59(285.40 s)
Epoch 60 - Average loss: 1.000000, Cumulative loss: 62.000000, Average Unnormed loss: 35513.202306, Best Loss: 35513.202306, Best Loss at Epoch 60(290.36 s)
Epoch 61 - Average loss: 1.000000, Cumulative loss: 62.000000, Average Unnormed loss: 35481.843151, Best Loss: 35481.843151, Best Loss at Epoch 61(295.28 s)
Epoch 62 - Average loss: 1.000000, Cumulative loss: 62.000000, Average Unnormed loss: 35376.913716, Best Loss: 35376.913716, Best Loss at Epoch 62(300.23 s)
Epoch 63 - Average loss: 1.000000, Cumulative loss: 62.000000, Average Unnormed loss: 35473.157290, Best Loss: 35376.913716, Best Loss at Epoch 62(305.29 s)
Epoch 64 - Average loss: 1.000000, Cumulative loss: 62.000000, Average Unnormed loss: 35332.163086, Best Loss: 35332.163086, Best Loss at Epoch 64(310.25 s)
Epoch 65 - Average loss: 1.000000, Cumulative loss: 62.000000, Average Unnormed loss: 35424.177419, Best Loss: 35332.163086, Best Loss at Epoch 64(315.18 s)
Epoch 66 - Average loss: 1.000000, Cumulative loss: 62.000000, Average Unnormed loss: 35189.764743, Best Loss: 35189.764743, Best Loss at Epoch 66(320.04 s)
Epoch 67 - Average loss: 1.000000, Cumulative loss: 62.000000, Average Unnormed loss: 34946.879851, Best Loss: 34946.879851, Best Loss at Epoch 67(325.01 s)
