{ 'action': 'train',
  'backprop_pcm': False,
  'config_folder': 'train2',
  'config_num': 133,
  'correlation_loss': False,
  'dataset': 'drum',
  'decoder': 'transformer',
  'device': device(type='cuda'),
  'l1': 'True',
  'l2': 'False',
  'loss_normalization': 'scalar_norm',
  'mask_activation': 'sigmoid',
  'model_lr': 0.001,
  'n_decoder_layers': 6,
  'n_heads': 2,
  'n_hidden_units': 100,
  'n_latents': 100,
  'n_test_epochs': 50000,
  'n_train_epochs': 50000,
  'test_batch_size': 3,
  'test_latents_Adam_lr': 0.001,
  'test_latents_init': 'normal',
  'train_batch_size': 64,
  'train_latents_Adam_lr': 0.001,
  'train_latents_init': 'normal'}
making Transformer Decoder
/home/xiaoyam/anaconda3/lib/python3.7/site-packages/torch/nn/functional.py:1350: UserWarning: nn.functional.sigmoid is deprecated. Use torch.sigmoid instead.
  warnings.warn("nn.functional.sigmoid is deprecated. Use torch.sigmoid instead.")
Epoch 1 - Average loss: 1.000000, Cumulative loss: 31.000000, Average Unnormed loss: 60.615109, Best Loss: 60.615109, Best Loss at Epoch 1(6.53 s)
Epoch 2 - Average loss: 1.000000, Cumulative loss: 31.000000, Average Unnormed loss: 46.266518, Best Loss: 46.266518, Best Loss at Epoch 2(13.21 s)
Epoch 3 - Average loss: 1.000000, Cumulative loss: 31.000000, Average Unnormed loss: 25.455753, Best Loss: 25.455753, Best Loss at Epoch 3(19.89 s)
Epoch 4 - Average loss: 1.000000, Cumulative loss: 31.000000, Average Unnormed loss: 7.801499, Best Loss: 7.801499, Best Loss at Epoch 4(26.58 s)
Epoch 5 - Average loss: 1.000000, Cumulative loss: 31.000000, Average Unnormed loss: 13.149897, Best Loss: 7.801499, Best Loss at Epoch 4(33.27 s)
Epoch 6 - Average loss: 1.000000, Cumulative loss: 31.000000, Average Unnormed loss: 16.168503, Best Loss: 7.801499, Best Loss at Epoch 4(39.74 s)
Epoch 7 - Average loss: 1.000000, Cumulative loss: 31.000000, Average Unnormed loss: 13.374163, Best Loss: 7.801499, Best Loss at Epoch 4(46.21 s)
Epoch 8 - Average loss: 1.000000, Cumulative loss: 31.000000, Average Unnormed loss: 11.374338, Best Loss: 7.801499, Best Loss at Epoch 4(52.68 s)
Epoch 9 - Average loss: 1.000000, Cumulative loss: 31.000000, Average Unnormed loss: 13.867422, Best Loss: 7.801499, Best Loss at Epoch 4(59.16 s)
Epoch 10 - Average loss: 1.000000, Cumulative loss: 31.000000, Average Unnormed loss: 32.664340, Best Loss: 7.801499, Best Loss at Epoch 4(65.63 s)
Epoch 11 - Average loss: 1.000000, Cumulative loss: 31.000000, Average Unnormed loss: 31.104614, Best Loss: 7.801499, Best Loss at Epoch 4(72.12 s)
Epoch 12 - Average loss: 1.000000, Cumulative loss: 31.000000, Average Unnormed loss: 28.824914, Best Loss: 7.801499, Best Loss at Epoch 4(78.60 s)
Epoch 13 - Average loss: 1.000000, Cumulative loss: 31.000000, Average Unnormed loss: 26.605026, Best Loss: 7.801499, Best Loss at Epoch 4(85.09 s)
Epoch 14 - Average loss: 1.000000, Cumulative loss: 31.000000, Average Unnormed loss: 24.857639, Best Loss: 7.801499, Best Loss at Epoch 4(91.57 s)
Epoch 15 - Average loss: 1.000000, Cumulative loss: 31.000000, Average Unnormed loss: 23.276037, Best Loss: 7.801499, Best Loss at Epoch 4(98.06 s)
Epoch 16 - Average loss: 1.000000, Cumulative loss: 31.000000, Average Unnormed loss: 21.682171, Best Loss: 7.801499, Best Loss at Epoch 4(104.55 s)
Epoch 17 - Average loss: 1.000000, Cumulative loss: 31.000000, Average Unnormed loss: 20.837747, Best Loss: 7.801499, Best Loss at Epoch 4(111.05 s)
Epoch 18 - Average loss: 1.000000, Cumulative loss: 31.000000, Average Unnormed loss: 20.442695, Best Loss: 7.801499, Best Loss at Epoch 4(117.55 s)
Epoch 19 - Average loss: 1.000000, Cumulative loss: 31.000000, Average Unnormed loss: 20.024303, Best Loss: 7.801499, Best Loss at Epoch 4(124.04 s)
Epoch 20 - Average loss: 1.000000, Cumulative loss: 31.000000, Average Unnormed loss: 19.748924, Best Loss: 7.801499, Best Loss at Epoch 4(130.54 s)
Epoch 21 - Average loss: 1.000000, Cumulative loss: 31.000000, Average Unnormed loss: 19.112357, Best Loss: 7.801499, Best Loss at Epoch 4(137.03 s)
Epoch 22 - Average loss: 1.000000, Cumulative loss: 31.000000, Average Unnormed loss: 19.690318, Best Loss: 7.801499, Best Loss at Epoch 4(143.53 s)
Epoch 23 - Average loss: 1.000000, Cumulative loss: 31.000000, Average Unnormed loss: 19.340157, Best Loss: 7.801499, Best Loss at Epoch 4(150.03 s)
Epoch 24 - Average loss: 1.000000, Cumulative loss: 31.000000, Average Unnormed loss: 19.727305, Best Loss: 7.801499, Best Loss at Epoch 4(156.53 s)
Epoch 25 - Average loss: 1.000000, Cumulative loss: 31.000000, Average Unnormed loss: 19.431004, Best Loss: 7.801499, Best Loss at Epoch 4(163.03 s)
Epoch 26 - Average loss: 1.000000, Cumulative loss: 31.000000, Average Unnormed loss: 19.358911, Best Loss: 7.801499, Best Loss at Epoch 4(169.53 s)
Epoch 27 - Average loss: 1.000000, Cumulative loss: 31.000000, Average Unnormed loss: 19.421562, Best Loss: 7.801499, Best Loss at Epoch 4(176.03 s)
Epoch 28 - Average loss: 1.000000, Cumulative loss: 31.000000, Average Unnormed loss: 19.567431, Best Loss: 7.801499, Best Loss at Epoch 4(182.53 s)
Epoch 29 - Average loss: 1.000000, Cumulative loss: 31.000000, Average Unnormed loss: 19.432496, Best Loss: 7.801499, Best Loss at Epoch 4(189.03 s)
Epoch 30 - Average loss: 1.000000, Cumulative loss: 31.000000, Average Unnormed loss: 19.516245, Best Loss: 7.801499, Best Loss at Epoch 4(195.53 s)
Epoch 31 - Average loss: 1.000000, Cumulative loss: 31.000000, Average Unnormed loss: 19.640523, Best Loss: 7.801499, Best Loss at Epoch 4(201.93 s)
slurmstepd: error: *** JOB 13707 ON compute-0-33 CANCELLED AT 2019-08-20T05:10:02 ***
