{ 'action': 'train',
  'backprop_pcm': False,
  'config_folder': 'train2',
  'config_num': 1031,
  'correlation_loss': False,
  'dataset': 'drum',
  'decoder': 'transformer',
  'device': device(type='cuda'),
  'l1': 'True',
  'l2': 'False',
  'loss_normalization': None,
  'mask_activation': 'sigmoid',
  'model_lr': 0.001,
  'n_decoder_layers': 8,
  'n_heads': 2,
  'n_hidden_units': 100,
  'n_latents': 200,
  'n_test_epochs': 1,
  'n_train_epochs': 1,
  'test_batch_size': 3,
  'test_latents_Adam_lr': 0.001,
  'test_latents_init': 'normal',
  'train_batch_size': 64,
  'train_latents_Adam_lr': 0.001,
  'train_latents_init': 'normal'}
making Transformer Decoder
/home/xiaoyam/anaconda3/lib/python3.7/site-packages/torch/nn/functional.py:1350: UserWarning: nn.functional.sigmoid is deprecated. Use torch.sigmoid instead.
  warnings.warn("nn.functional.sigmoid is deprecated. Use torch.sigmoid instead.")
Epoch 1 - Average loss: 60.955557, Cumulative loss: 1889.622269, Average Unnormed loss: 60.955557, Best Loss: 60.955557, Best Loss at Epoch 1(12.08 s)
Max number of epochs reached!
Best train epoch reached at 1
Epoch 1 - Average loss: 126.200431, Cumulative loss: 757.202583, Average Unnormed loss: 126.200428(0.50 s)
Max number of epochs reached!
Final test loss: [126.20043055216472, 126.2004280090332]
saving final train and test latents to /work/xiaoyam/private/Summer19/Research/Music-Generation/model_saves/pytorch/train2/config_1031/final_latents.h5
writing to /work/xiaoyam/private/Summer19/Research/Music-Generation/model_saves/pytorch/train2/config_1031/results.json
writing predictions to /work/xiaoyam/private/Summer19/Research/Music-Generation/model_saves/pytorch/train2/config_1031/pred.h5
saving model state_dict to /work/xiaoyam/private/Summer19/Research/Music-Generation/model_saves/pytorch/train2/config_1031/model.h5
writing to /work/xiaoyam/private/Summer19/Research/Music-Generation/model_saves/pytorch/train2/config_1031/../further_test/grid_search.csv
