{ 'action': 'train',
  'backprop_pcm': False,
  'config_folder': 'train2',
  'config_num': 515,
  'correlation_loss': False,
  'dataset': 'drum',
  'decoder': 'transformer',
  'device': device(type='cuda'),
  'l1': 'True',
  'l2': 'False',
  'loss_normalization': None,
  'mask_activation': 'sigmoid',
  'model_lr': 0.001,
  'n_decoder_layers': 6,
  'n_heads': 2,
  'n_hidden_units': 200,
  'n_latents': 100,
  'n_test_epochs': 50000,
  'n_train_epochs': 50000,
  'test_batch_size': 3,
  'test_latents_Adam_lr': 0.001,
  'test_latents_init': 'normal',
  'train_batch_size': 32,
  'train_latents_Adam_lr': 0.001,
  'train_latents_init': 'normal'}
making Transformer Decoder
/home/xiaoyam/anaconda3/lib/python3.7/site-packages/torch/nn/functional.py:1350: UserWarning: nn.functional.sigmoid is deprecated. Use torch.sigmoid instead.
  warnings.warn("nn.functional.sigmoid is deprecated. Use torch.sigmoid instead.")
Epoch 1 - Average loss: 60.674427, Cumulative loss: 3761.814445, Average Unnormed loss: 60.674427, Best Loss: 60.674427, Best Loss at Epoch 1(6.69 s)
Epoch 2 - Average loss: 43.312137, Cumulative loss: 2685.352497, Average Unnormed loss: 43.312137, Best Loss: 43.312137, Best Loss at Epoch 2(13.49 s)
Epoch 3 - Average loss: -10.303885, Cumulative loss: -638.840900, Average Unnormed loss: -10.303886, Best Loss: -10.303886, Best Loss at Epoch 3(20.29 s)
Epoch 4 - Average loss: -47.651175, Cumulative loss: -2954.372860, Average Unnormed loss: -47.651175, Best Loss: -47.651175, Best Loss at Epoch 4(27.08 s)
Epoch 5 - Average loss: -66.376708, Cumulative loss: -4115.355877, Average Unnormed loss: -66.376707, Best Loss: -66.376707, Best Loss at Epoch 5(33.89 s)
Epoch 6 - Average loss: -78.651099, Cumulative loss: -4876.368134, Average Unnormed loss: -78.651100, Best Loss: -78.651100, Best Loss at Epoch 6(40.69 s)
Epoch 7 - Average loss: -88.714408, Cumulative loss: -5500.293282, Average Unnormed loss: -88.714408, Best Loss: -88.714408, Best Loss at Epoch 7(47.59 s)
Epoch 8 - Average loss: -98.305181, Cumulative loss: -6094.921249, Average Unnormed loss: -98.305181, Best Loss: -98.305181, Best Loss at Epoch 8(54.87 s)
Epoch 9 - Average loss: -106.773147, Cumulative loss: -6619.935135, Average Unnormed loss: -106.773147, Best Loss: -106.773147, Best Loss at Epoch 9(62.20 s)
Epoch 10 - Average loss: -113.190247, Cumulative loss: -7017.795288, Average Unnormed loss: -113.190246, Best Loss: -113.190246, Best Loss at Epoch 10(69.56 s)
Epoch 11 - Average loss: -118.062564, Cumulative loss: -7319.878967, Average Unnormed loss: -118.062565, Best Loss: -118.062565, Best Loss at Epoch 11(76.91 s)
Epoch 12 - Average loss: -121.944744, Cumulative loss: -7560.574120, Average Unnormed loss: -121.944743, Best Loss: -121.944743, Best Loss at Epoch 12(84.29 s)
Epoch 13 - Average loss: -125.453222, Cumulative loss: -7778.099792, Average Unnormed loss: -125.453222, Best Loss: -125.453222, Best Loss at Epoch 13(91.63 s)
Epoch 14 - Average loss: -128.791302, Cumulative loss: -7985.060730, Average Unnormed loss: -128.791301, Best Loss: -128.791301, Best Loss at Epoch 14(98.97 s)
Epoch 15 - Average loss: -131.443003, Cumulative loss: -8149.466179, Average Unnormed loss: -131.443002, Best Loss: -131.443002, Best Loss at Epoch 15(106.32 s)
Epoch 16 - Average loss: -133.745977, Cumulative loss: -8292.250549, Average Unnormed loss: -133.745977, Best Loss: -133.745977, Best Loss at Epoch 16(113.66 s)
Epoch 17 - Average loss: -136.232711, Cumulative loss: -8446.428108, Average Unnormed loss: -136.232712, Best Loss: -136.232712, Best Loss at Epoch 17(121.02 s)
Epoch 18 - Average loss: -138.524375, Cumulative loss: -8588.511230, Average Unnormed loss: -138.524375, Best Loss: -138.524375, Best Loss at Epoch 18(128.36 s)
Epoch 19 - Average loss: -140.888265, Cumulative loss: -8735.072449, Average Unnormed loss: -140.888266, Best Loss: -140.888266, Best Loss at Epoch 19(135.70 s)
Epoch 20 - Average loss: -142.577703, Cumulative loss: -8839.817596, Average Unnormed loss: -142.577704, Best Loss: -142.577704, Best Loss at Epoch 20(143.06 s)
Epoch 21 - Average loss: -144.673805, Cumulative loss: -8969.775917, Average Unnormed loss: -144.673805, Best Loss: -144.673805, Best Loss at Epoch 21(150.39 s)
Epoch 22 - Average loss: -146.421929, Cumulative loss: -9078.159569, Average Unnormed loss: -146.421929, Best Loss: -146.421929, Best Loss at Epoch 22(157.74 s)
Epoch 23 - Average loss: -148.254614, Cumulative loss: -9191.786057, Average Unnormed loss: -148.254613, Best Loss: -148.254613, Best Loss at Epoch 23(165.08 s)
Epoch 24 - Average loss: -150.249784, Cumulative loss: -9315.486626, Average Unnormed loss: -150.249784, Best Loss: -150.249784, Best Loss at Epoch 24(172.43 s)
Epoch 25 - Average loss: -152.292773, Cumulative loss: -9442.151947, Average Unnormed loss: -152.292773, Best Loss: -152.292773, Best Loss at Epoch 25(179.78 s)
Epoch 26 - Average loss: -154.002031, Cumulative loss: -9548.125916, Average Unnormed loss: -154.002030, Best Loss: -154.002030, Best Loss at Epoch 26(187.12 s)
Epoch 27 - Average loss: -155.671222, Cumulative loss: -9651.615784, Average Unnormed loss: -155.671223, Best Loss: -155.671223, Best Loss at Epoch 27(194.48 s)
Epoch 28 - Average loss: -157.326206, Cumulative loss: -9754.224777, Average Unnormed loss: -157.326206, Best Loss: -157.326206, Best Loss at Epoch 28(201.82 s)
Epoch 29 - Average loss: -159.190769, Cumulative loss: -9869.827667, Average Unnormed loss: -159.190770, Best Loss: -159.190770, Best Loss at Epoch 29(209.17 s)
Epoch 30 - Average loss: -160.768540, Cumulative loss: -9967.649490, Average Unnormed loss: -160.768541, Best Loss: -160.768541, Best Loss at Epoch 30(216.52 s)
Epoch 31 - Average loss: -162.390628, Cumulative loss: -10068.218964, Average Unnormed loss: -162.390629, Best Loss: -162.390629, Best Loss at Epoch 31(223.88 s)
Epoch 32 - Average loss: -164.070560, Cumulative loss: -10172.374741, Average Unnormed loss: -164.070561, Best Loss: -164.070561, Best Loss at Epoch 32(231.22 s)
Epoch 33 - Average loss: -165.320968, Cumulative loss: -10249.900017, Average Unnormed loss: -165.320969, Best Loss: -165.320969, Best Loss at Epoch 33(238.57 s)
Epoch 34 - Average loss: -166.837194, Cumulative loss: -10343.906052, Average Unnormed loss: -166.837194, Best Loss: -166.837194, Best Loss at Epoch 34(245.92 s)
Epoch 35 - Average loss: -168.459200, Cumulative loss: -10444.470383, Average Unnormed loss: -168.459200, Best Loss: -168.459200, Best Loss at Epoch 35(253.27 s)
slurmstepd: error: *** JOB 13706 ON compute-0-33 CANCELLED AT 2019-08-20T05:09:56 ***
