data/drum/drum fname_start is here !!!
shapes lol (2005, 174, 258) (18, 174, 258)
torch.Size([2005, 174, 258]) torch.Size([2005, 174, 258])
torch.Size([18, 174, 258]) torch.Size([18, 174, 258])
mean latent torch.Size([32])
mean latent torch.Size([32])
mean latent torch.Size([32])
mean latent torch.Size([32])
mean latent torch.Size([32])
All Done!!!
data/drum/drum fname_start is here !!!
shapes lol (2005, 174, 258) (18, 174, 258)
torch.Size([2005, 174, 258]) torch.Size([2005, 174, 258])
torch.Size([18, 174, 258]) torch.Size([18, 174, 258])
mean latent torch.Size([32])
mean latent torch.Size([32])
mean latent torch.Size([32])
mean latent torch.Size([32])
mean latent torch.Size([32])
All Done!!!
data/drum/drum fname_start is here !!!
shapes lol (2005, 174, 258) (18, 174, 258)
torch.Size([2005, 174, 258]) torch.Size([2005, 174, 258])
torch.Size([18, 174, 258]) torch.Size([18, 174, 258])
mean latent torch.Size([32])
mean latent torch.Size([32])
mean latent torch.Size([32])
mean latent torch.Size([32])
mean latent torch.Size([32])
All Done!!!
data/drum/drum fname_start is here !!!
shapes lol (2005, 174, 258) (18, 174, 258)
torch.Size([2005, 174, 258]) torch.Size([2005, 174, 258])
torch.Size([18, 174, 258]) torch.Size([18, 174, 258])
mean latent torch.Size([32])
mean latent torch.Size([32])
mean latent torch.Size([32])
mean latent torch.Size([32])
mean latent torch.Size([32])
All Done!!!
data/drum/drum fname_start is here !!!
shapes lol (2005, 174, 258) (18, 174, 258)
torch.Size([2005, 174, 258]) torch.Size([2005, 174, 258])
torch.Size([18, 174, 258]) torch.Size([18, 174, 258])
mean latent torch.Size([32])
mean latent torch.Size([32])
mean latent torch.Size([32])
mean latent torch.Size([32])
mean latent torch.Size([32])
All Done!!!
data/drum/drum fname_start is here !!!
shapes lol (2005, 174, 258) (18, 174, 258)
torch.Size([2005, 174, 258]) torch.Size([2005, 174, 258])
torch.Size([18, 174, 258]) torch.Size([18, 174, 258])
mean latent torch.Size([32])
mean latent torch.Size([32])
mean latent torch.Size([32])
mean latent torch.Size([32])
mean latent torch.Size([32])
All Done!!!
data/drum/drum fname_start is here !!!
shapes lol (2005, 174, 258) (18, 174, 258)
torch.Size([2005, 174, 258]) torch.Size([2005, 174, 258])
